This is pdfTeX, Version 3.141592653-2.6-1.40.24 (MiKTeX 22.3) (preloaded format=pdflatex 2022.5.3)  29 JUL 2022 13:59
entering extended mode
 restricted \write18 enabled.
 file:line:error style messages enabled.
 %&-line parsing enabled.
**"c:/Users/josep/Documents/School Work/Research/Curtis/Machine_Learning/sdsu-thesis-latex_2019-07-23/Example/thesis.tex"
(c:/Users/josep/Documents/School Work/Research/Curtis/Machine_Learning/sdsu-thesis-latex_2019-07-23/Example/thesis.tex
LaTeX2e <2021-11-15> patch level 1
L3 programming layer <2022-02-24> (sdsu-thesis.cls
Document Class: sdsu-thesis 2017/05/08 SDSU-Thesis Class for Mathematics Department
(C:\Users\josep\AppData\Local\Programs\MiKTeX\tex/latex/tools\calc.sty
Package: calc 2017/05/25 v4.3 Infix arithmetic (KKT,FJ)
\calc@Acount=\count185
\calc@Bcount=\count186
\calc@Adimen=\dimen138
\calc@Bdimen=\dimen139
\calc@Askip=\skip47
\calc@Bskip=\skip48
LaTeX Info: Redefining \setlength on input line 80.
LaTeX Info: Redefining \addtolength on input line 81.
\calc@Ccount=\count187
\calc@Cskip=\skip49
) (C:\Users\josep\AppData\Local\Programs\MiKTeX\tex/latex/base\report.cls
Document Class: report 2021/10/04 v1.4n Standard LaTeX document class
(C:\Users\josep\AppData\Local\Programs\MiKTeX\tex/latex/base\size12.clo
File: size12.clo 2021/10/04 v1.4n Standard LaTeX file (size option)
)
\c@part=\count188
\c@chapter=\count189
\c@section=\count190
\c@subsection=\count191
\c@subsubsection=\count192
\c@paragraph=\count193
\c@subparagraph=\count194
\c@figure=\count195
\c@table=\count196
\abovecaptionskip=\skip50
\belowcaptionskip=\skip51
\bibindent=\dimen140
)
\c@titlelines=\count197
\c@subsubsubsection=\count198
) (C:\Users\josep\AppData\Local\Programs\MiKTeX\tex/latex/graphics\epsfig.sty
Package: epsfig 2017/06/25 v1.7b (e)psfig emulation (SPQR)
 (C:\Users\josep\AppData\Local\Programs\MiKTeX\tex/latex/graphics\graphicx.sty
Package: graphicx 2021/09/16 v1.2d Enhanced LaTeX Graphics (DPC,SPQR)
 (C:\Users\josep\AppData\Local\Programs\MiKTeX\tex/latex/graphics\keyval.sty
Package: keyval 2014/10/28 v1.15 key=value parser (DPC)
\KV@toks@=\toks16
) (C:\Users\josep\AppData\Local\Programs\MiKTeX\tex/latex/graphics\graphics.sty
Package: graphics 2021/03/04 v1.4d Standard LaTeX Graphics (DPC,SPQR)
 (C:\Users\josep\AppData\Local\Programs\MiKTeX\tex/latex/graphics\trig.sty
Package: trig 2021/08/11 v1.11 sin cos tan (DPC)
) (C:\Users\josep\AppData\Local\Programs\MiKTeX\tex/latex/graphics-cfg\graphics.cfg
File: graphics.cfg 2016/06/04 v1.11 sample graphics configuration
)
Package graphics Info: Driver file: pdftex.def on input line 107.
 (C:\Users\josep\AppData\Local\Programs\MiKTeX\tex/latex/graphics-def\pdftex.def
File: pdftex.def 2020/10/05 v1.2a Graphics/color driver for pdftex
))
\Gin@req@height=\dimen141
\Gin@req@width=\dimen142
)
\epsfxsize=\dimen143
\epsfysize=\dimen144
) (C:\Users\josep\AppData\Local\Programs\MiKTeX\tex/latex/amsmath\amsmath.sty
Package: amsmath 2021/10/15 v2.17l AMS math features
\@mathmargin=\skip52

For additional information on amsmath, use the `?' option.
(C:\Users\josep\AppData\Local\Programs\MiKTeX\tex/latex/amsmath\amstext.sty
Package: amstext 2021/08/26 v2.01 AMS text
 (C:\Users\josep\AppData\Local\Programs\MiKTeX\tex/latex/amsmath\amsgen.sty
File: amsgen.sty 1999/11/30 v2.0 generic functions
\@emptytoks=\toks17
\ex@=\dimen145
)) (C:\Users\josep\AppData\Local\Programs\MiKTeX\tex/latex/amsmath\amsbsy.sty
Package: amsbsy 1999/11/29 v1.2d Bold Symbols
\pmbraise@=\dimen146
) (C:\Users\josep\AppData\Local\Programs\MiKTeX\tex/latex/amsmath\amsopn.sty
Package: amsopn 2021/08/26 v2.02 operator names
)
\inf@bad=\count199
LaTeX Info: Redefining \frac on input line 234.
\uproot@=\count266
\leftroot@=\count267
LaTeX Info: Redefining \overline on input line 399.
\classnum@=\count268
\DOTSCASE@=\count269
LaTeX Info: Redefining \ldots on input line 496.
LaTeX Info: Redefining \dots on input line 499.
LaTeX Info: Redefining \cdots on input line 620.
\Mathstrutbox@=\box50
\strutbox@=\box51
\big@size=\dimen147
LaTeX Font Info:    Redeclaring font encoding OML on input line 743.
LaTeX Font Info:    Redeclaring font encoding OMS on input line 744.
\macc@depth=\count270
\c@MaxMatrixCols=\count271
\dotsspace@=\muskip16
\c@parentequation=\count272
\dspbrk@lvl=\count273
\tag@help=\toks18
\row@=\count274
\column@=\count275
\maxfields@=\count276
\andhelp@=\toks19
\eqnshift@=\dimen148
\alignsep@=\dimen149
\tagshift@=\dimen150
\tagwidth@=\dimen151
\totwidth@=\dimen152
\lineht@=\dimen153
\@envbody=\toks20
\multlinegap=\skip53
\multlinetaggap=\skip54
\mathdisplay@stack=\toks21
LaTeX Info: Redefining \[ on input line 2938.
LaTeX Info: Redefining \] on input line 2939.
) (C:\Users\josep\AppData\Local\Programs\MiKTeX\tex/latex/amsfonts\amsfonts.sty
Package: amsfonts 2013/01/14 v3.01 Basic AMSFonts support
\symAMSa=\mathgroup4
\symAMSb=\mathgroup5
LaTeX Font Info:    Redeclaring math symbol \hbar on input line 98.
LaTeX Font Info:    Overwriting math alphabet `\mathfrak' in version `bold'
(Font)                  U/euf/m/n --> U/euf/b/n on input line 106.
) (C:\Users\josep\AppData\Local\Programs\MiKTeX\tex/latex/amsfonts\amssymb.sty
Package: amssymb 2013/01/14 v3.01 AMS font symbols
) (C:\Users\josep\AppData\Local\Programs\MiKTeX\tex/latex/amscls\amsthm.sty
Package: amsthm 2020/05/29 v2.20.6
\thm@style=\toks22
\thm@bodyfont=\toks23
\thm@headfont=\toks24
\thm@notefont=\toks25
\thm@headpunct=\toks26
\thm@preskip=\skip55
\thm@postskip=\skip56
\thm@headsep=\skip57
\dth@everypar=\toks27
) (C:\Users\josep\AppData\Local\Programs\MiKTeX\tex/latex/tools\tabularx.sty
Package: tabularx 2020/01/15 v2.11c `tabularx' package (DPC)
 (C:\Users\josep\AppData\Local\Programs\MiKTeX\tex/latex/tools\array.sty
Package: array 2021/10/04 v2.5f Tabular extension package (FMi)
\col@sep=\dimen154
\ar@mcellbox=\box52
\extrarowheight=\dimen155
\NC@list=\toks28
\extratabsurround=\skip58
\backup@length=\skip59
\ar@cellbox=\box53
)
\TX@col@width=\dimen156
\TX@old@table=\dimen157
\TX@old@col=\dimen158
\TX@target=\dimen159
\TX@delta=\dimen160
\TX@cols=\count277
\TX@ftn=\toks29
) (C:\Users\josep\AppData\Local\Programs\MiKTeX\tex/latex/hyperref\hyperref.sty
Package: hyperref 2022-02-21 v7.00n Hypertext links for LaTeX
 (C:\Users\josep\AppData\Local\Programs\MiKTeX\tex/generic/ltxcmds\ltxcmds.sty
Package: ltxcmds 2020-05-10 v1.25 LaTeX kernel commands for general use (HO)
) (C:\Users\josep\AppData\Local\Programs\MiKTeX\tex/generic/iftex\iftex.sty
Package: iftex 2022/02/03 v1.0f TeX engine tests
) (C:\Users\josep\AppData\Local\Programs\MiKTeX\tex/generic/pdftexcmds\pdftexcmds.sty
Package: pdftexcmds 2020-06-27 v0.33 Utility functions of pdfTeX for LuaTeX (HO)
 (C:\Users\josep\AppData\Local\Programs\MiKTeX\tex/generic/infwarerr\infwarerr.sty
Package: infwarerr 2019/12/03 v1.5 Providing info/warning/error messages (HO)
)
Package pdftexcmds Info: \pdf@primitive is available.
Package pdftexcmds Info: \pdf@ifprimitive is available.
Package pdftexcmds Info: \pdfdraftmode found.
) (C:\Users\josep\AppData\Local\Programs\MiKTeX\tex/generic/kvsetkeys\kvsetkeys.sty
Package: kvsetkeys 2019/12/15 v1.18 Key value parser (HO)
) (C:\Users\josep\AppData\Local\Programs\MiKTeX\tex/generic/kvdefinekeys\kvdefinekeys.sty
Package: kvdefinekeys 2019-12-19 v1.6 Define keys (HO)
) (C:\Users\josep\AppData\Local\Programs\MiKTeX\tex/generic/pdfescape\pdfescape.sty
Package: pdfescape 2019/12/09 v1.15 Implements pdfTeX's escape features (HO)
) (C:\Users\josep\AppData\Local\Programs\MiKTeX\tex/latex/hycolor\hycolor.sty
Package: hycolor 2020-01-27 v1.10 Color options for hyperref/bookmark (HO)
) (C:\Users\josep\AppData\Local\Programs\MiKTeX\tex/latex/letltxmacro\letltxmacro.sty
Package: letltxmacro 2019/12/03 v1.6 Let assignment for LaTeX macros (HO)
) (C:\Users\josep\AppData\Local\Programs\MiKTeX\tex/latex/auxhook\auxhook.sty
Package: auxhook 2019-12-17 v1.6 Hooks for auxiliary files (HO)
) (C:\Users\josep\AppData\Local\Programs\MiKTeX\tex/latex/kvoptions\kvoptions.sty
Package: kvoptions 2022-06-15 v3.15 Key value format for package options (HO)
)
\@linkdim=\dimen161
\Hy@linkcounter=\count278
\Hy@pagecounter=\count279
 (C:\Users\josep\AppData\Local\Programs\MiKTeX\tex/latex/hyperref\pd1enc.def
File: pd1enc.def 2022-02-21 v7.00n Hyperref: PDFDocEncoding definition (HO)
Now handling font encoding PD1 ...
... no UTF-8 mapping file for font encoding PD1
) (C:\Users\josep\AppData\Local\Programs\MiKTeX\tex/generic/intcalc\intcalc.sty
Package: intcalc 2019/12/15 v1.3 Expandable calculations with integers (HO)
) (C:\Users\josep\AppData\Local\Programs\MiKTeX\tex/generic/etexcmds\etexcmds.sty
Package: etexcmds 2019/12/15 v1.7 Avoid name clashes with e-TeX commands (HO)
)
\Hy@SavedSpaceFactor=\count280
 (C:\Users\josep\AppData\Local\Programs\MiKTeX\tex/latex/hyperref\puenc.def
File: puenc.def 2022-02-21 v7.00n Hyperref: PDF Unicode definition (HO)
Now handling font encoding PU ...
... no UTF-8 mapping file for font encoding PU
)
Package hyperref Info: Hyper figures OFF on input line 4137.
Package hyperref Info: Link nesting OFF on input line 4142.
Package hyperref Info: Hyper index ON on input line 4145.
Package hyperref Info: Plain pages OFF on input line 4152.
Package hyperref Info: Backreferencing OFF on input line 4157.
Package hyperref Info: Implicit mode ON; LaTeX internals redefined.
Package hyperref Info: Bookmarks ON on input line 4390.
\c@Hy@tempcnt=\count281
 (C:\Users\josep\AppData\Local\Programs\MiKTeX\tex/latex/url\url.sty
\Urlmuskip=\muskip17
Package: url 2013/09/16  ver 3.4  Verb mode for urls, etc.
)
LaTeX Info: Redefining \url on input line 4749.
\XeTeXLinkMargin=\dimen162
 (C:\Users\josep\AppData\Local\Programs\MiKTeX\tex/generic/bitset\bitset.sty
Package: bitset 2019/12/09 v1.3 Handle bit-vector datatype (HO)
 (C:\Users\josep\AppData\Local\Programs\MiKTeX\tex/generic/bigintcalc\bigintcalc.sty
Package: bigintcalc 2019/12/15 v1.5 Expandable calculations on big integers (HO)
))
\Fld@menulength=\count282
\Field@Width=\dimen163
\Fld@charsize=\dimen164
Package hyperref Info: Hyper figures OFF on input line 6027.
Package hyperref Info: Link nesting OFF on input line 6032.
Package hyperref Info: Hyper index ON on input line 6035.
Package hyperref Info: backreferencing OFF on input line 6042.
Package hyperref Info: Link coloring OFF on input line 6047.
Package hyperref Info: Link coloring with OCG OFF on input line 6052.
Package hyperref Info: PDF/A mode OFF on input line 6057.
LaTeX Info: Redefining \ref on input line 6097.
LaTeX Info: Redefining \pageref on input line 6101.
 (C:\Users\josep\AppData\Local\Programs\MiKTeX\tex/latex/base\atbegshi-ltx.sty
Package: atbegshi-ltx 2021/01/10 v1.0c Emulation of the original atbegshi
package with kernel methods
)
\Hy@abspage=\count283
\c@Item=\count284
\c@Hfootnote=\count285
)
Package hyperref Info: Driver (autodetected): hpdftex.
 (C:\Users\josep\AppData\Local\Programs\MiKTeX\tex/latex/hyperref\hpdftex.def
File: hpdftex.def 2022-02-21 v7.00n Hyperref driver for pdfTeX
 (C:\Users\josep\AppData\Local\Programs\MiKTeX\tex/latex/base\atveryend-ltx.sty
Package: atveryend-ltx 2020/08/19 v1.0a Emulation of the original atveryend package
with kernel methods
)
\Fld@listcount=\count286
\c@bookmark@seq@number=\count287
 (C:\Users\josep\AppData\Local\Programs\MiKTeX\tex/latex/rerunfilecheck\rerunfilecheck.sty
Package: rerunfilecheck 2022-07-10 v1.10 Rerun checks for auxiliary files (HO)
 (C:\Users\josep\AppData\Local\Programs\MiKTeX\tex/generic/uniquecounter\uniquecounter.sty
Package: uniquecounter 2019/12/15 v1.4 Provide unlimited unique counter (HO)
)
Package uniquecounter Info: New unique counter `rerunfilecheck' on input line 285.
)
\Hy@SectionHShift=\skip60
) (C:\Users\josep\AppData\Local\Programs\MiKTeX\tex/latex/algorithm2e\algorithm2e.sty
Package: algorithm2e 2017/07/18 v5.2 algorithms environments
\c@AlgoLine=\count288
 (C:\Users\josep\AppData\Local\Programs\MiKTeX\tex/latex/base\ifthen.sty
Package: ifthen 2020/11/24 v1.1c Standard LaTeX ifthen package (DPC)
)
\algocf@hangindent=\skip61
 (C:\Users\josep\AppData\Local\Programs\MiKTeX\tex/latex/ifoddpage\ifoddpage.sty
Package: ifoddpage 2016/04/23 v1.1 Conditionals for odd/even page detection
\c@checkoddpage=\count289
) (C:\Users\josep\AppData\Local\Programs\MiKTeX\tex/latex/tools\xspace.sty
Package: xspace 2014/10/28 v1.13 Space after command names (DPC,MH)
) (C:\Users\josep\AppData\Local\Programs\MiKTeX\tex/latex/relsize\relsize.sty
Package: relsize 2013/03/29 ver 4.1
)
\skiptotal=\skip62
\skiplinenumber=\skip63
\skiprule=\skip64
\skiphlne=\skip65
\skiptext=\skip66
\skiplength=\skip67
\algomargin=\skip68
\skipalgocfslide=\skip69
\algowidth=\dimen165
\inoutsize=\dimen166
\inoutindent=\dimen167
\interspacetitleruled=\dimen168
\interspacealgoruled=\dimen169
\interspacetitleboxruled=\dimen170
\algocf@ruledwidth=\skip70
\algocf@inoutbox=\box54
\algocf@inputbox=\box55
\AlCapSkip=\skip71
\AlCapHSkip=\skip72
\algoskipindent=\skip73
\algocf@nlbox=\box56
\algocf@hangingbox=\box57
\algocf@untilbox=\box58
\algocf@skipuntil=\skip74
\algocf@capbox=\box59
\algocf@lcaptionbox=\skip75
\algoheightruledefault=\skip76
\algoheightrule=\skip77
\algotitleheightruledefault=\skip78
\algotitleheightrule=\skip79
\c@algocfline=\count290
\c@algocfproc=\count291
\c@algocf=\count292
\algocf@algoframe=\box60
\algocf@algobox=\box61
) (C:\Users\josep\AppData\Local\Programs\MiKTeX\tex/latex/tools\longtable.sty
Package: longtable 2021-09-01 v4.17 Multi-page Table package (DPC)
\LTleft=\skip80
\LTright=\skip81
\LTpre=\skip82
\LTpost=\skip83
\LTchunksize=\count293
\LTcapwidth=\dimen171
\LT@head=\box62
\LT@firsthead=\box63
\LT@foot=\box64
\LT@lastfoot=\box65
\LT@gbox=\box66
\LT@cols=\count294
\LT@rows=\count295
\c@LT@tables=\count296
\c@LT@chunks=\count297
\LT@p@ftn=\toks30
) (C:\Users\josep\AppData\Local\Programs\MiKTeX\tex/latex/caption\caption.sty
Package: caption 2022/03/01 v3.6b Customizing captions (AR)
 (C:\Users\josep\AppData\Local\Programs\MiKTeX\tex/latex/caption\caption3.sty
Package: caption3 2022/03/17 v2.3b caption3 kernel (AR)
\caption@tempdima=\dimen172
\captionmargin=\dimen173
\caption@leftmargin=\dimen174
\caption@rightmargin=\dimen175
\caption@width=\dimen176
\caption@indent=\dimen177
\caption@parindent=\dimen178
\caption@hangindent=\dimen179
Package caption Info: Unknown document class (or package),
(caption)             standard defaults will be used.
Package caption Info: \@makecaption = \long macro:#1#2->\vskip \abovecaptionskip {\ssp \raggedright \bfseries #1. #2\par } \vskip \belowcaptionskip  on input line 1176.
)

Package caption Warning: Unknown document class (or package),
(caption)                standard defaults will be used.
See the caption package documentation for explanation.

\c@caption@flags=\count298
\c@continuedfloat=\count299
Package caption Info: hyperref package is loaded.
Package caption Info: longtable package is loaded.
(C:\Users\josep\AppData\Local\Programs\MiKTeX\tex/latex/caption\ltcaption.sty
Package: ltcaption 2021/01/08 v1.4c longtable captions (AR)
)) (C:\Users\josep\AppData\Local\Programs\MiKTeX\tex/latex/ulem\ulem.sty
\UL@box=\box67
\UL@hyphenbox=\box68
\UL@skip=\skip84
\UL@hook=\toks31
\UL@height=\dimen180
\UL@pe=\count300
\UL@pixel=\dimen181
\ULC@box=\box69
Package: ulem 2019/11/18
\ULdepth=\dimen182
) (C:\Users\josep\AppData\Local\Programs\MiKTeX\tex/latex/datatool\datatool.sty
Package: datatool 2019/09/27 v2.32 (NLCT)
 (C:\Users\josep\AppData\Local\Programs\MiKTeX\tex/latex/xkeyval\xkeyval.sty
Package: xkeyval 2020/11/20 v2.8 package option processing (HA)
 (C:\Users\josep\AppData\Local\Programs\MiKTeX\tex/generic/xkeyval\xkeyval.tex (C:\Users\josep\AppData\Local\Programs\MiKTeX\tex/generic/xkeyval\xkvutils.tex
\XKV@toks=\toks32
\XKV@tempa@toks=\toks33
)
\XKV@depth=\count301
File: xkeyval.tex 2014/12/03 v2.7a key=value parser (HA)
)) (C:\Users\josep\AppData\Local\Programs\MiKTeX\tex/latex/xfor\xfor.sty
Package: xfor 2009/02/05 v1.05 (NLCT)
) (C:\Users\josep\AppData\Local\Programs\MiKTeX\tex/latex/substr\substr.sty
Package: substr 2009/10/20 v1.2 Handle substrings
\c@su@anzahl=\count302
) (C:\Users\josep\AppData\Local\Programs\MiKTeX\tex/latex/etoolbox\etoolbox.sty
Package: etoolbox 2020/10/05 v2.5k e-TeX tools for LaTeX (JAW)
\etb@tempcnta=\count303
) (C:\Users\josep\AppData\Local\Programs\MiKTeX\tex/latex/datatool\datatool-base.sty
Package: datatool-base 2019/09/27 v2.32 (NLCT)
 (C:\Users\josep\AppData\Local\Programs\MiKTeX\tex/latex/datatool\datatool-fp.sty
Package: datatool-fp 2019/09/27 v2.32 (NLCT)
 (C:\Users\josep\AppData\Local\Programs\MiKTeX\tex/latex/fp\fp.sty
Package: fp 1995/04/02
 `Fixed Point Package', Version 0.8, April 2, 1995 (C) Michael Mehlich (C:\Users\josep\AppData\Local\Programs\MiKTeX\tex/latex/fp\defpattern.sty
Package: defpattern 1994/10/12
\actioncount=\count304
) (C:\Users\josep\AppData\Local\Programs\MiKTeX\tex/latex/fp\fp-basic.sty
Package: fp-basic 1996/05/13
\FP@xs=\count305
\FP@xia=\count306
\FP@xib=\count307
\FP@xfa=\count308
\FP@xfb=\count309
\FP@rega=\count310
\FP@regb=\count311
\FP@regs=\count312
\FP@times=\count313
) (C:\Users\josep\AppData\Local\Programs\MiKTeX\tex/latex/fp\fp-addons.sty
Package: fp-addons 1995/03/15
) (C:\Users\josep\AppData\Local\Programs\MiKTeX\tex/latex/fp\fp-snap.sty
Package: fp-snap 1995/04/05
) (C:\Users\josep\AppData\Local\Programs\MiKTeX\tex/latex/fp\fp-exp.sty
Package: fp-exp 1995/04/03
) (C:\Users\josep\AppData\Local\Programs\MiKTeX\tex/latex/fp\fp-trigo.sty
Package: fp-trigo 1995/04/14
) (C:\Users\josep\AppData\Local\Programs\MiKTeX\tex/latex/fp\fp-pas.sty
Package: fp-pas 1994/08/29
) (C:\Users\josep\AppData\Local\Programs\MiKTeX\tex/latex/fp\fp-random.sty
Package: fp-random 1995/02/23
\FPseed=\count314
) (C:\Users\josep\AppData\Local\Programs\MiKTeX\tex/latex/fp\fp-eqn.sty
Package: fp-eqn 1995/04/03
) (C:\Users\josep\AppData\Local\Programs\MiKTeX\tex/latex/fp\fp-upn.sty
Package: fp-upn 1996/10/21
) (C:\Users\josep\AppData\Local\Programs\MiKTeX\tex/latex/fp\fp-eval.sty
Package: fp-eval 1995/04/03
)))
\@dtl@toks=\toks34
\@dtl@tmpcount=\count315
\dtl@tmplength=\skip85
\dtl@sortresult=\count316
\@dtl@numgrpsepcount=\count317
\@dtl@datatype=\count318
\dtl@codeA=\count319
\dtl@codeB=\count320
\@dtl@foreach@level=\count321
)
\dtlcolumnnum=\count322
\dtlrownum=\count323
\@dtl@before=\toks35
\@dtl@after=\toks36
\@dtl@colhead=\toks37
\dtlcurrentrow=\toks38
\dtlbeforerow=\toks39
\dtlafterrow=\toks40
\dtlforeachlevel=\count324
\c@DTLrowi=\count325
\c@DTLrowii=\count326
\c@DTLrowiii=\count327
\c@DTLrow=\count328
\dtl@rowi=\count329
\dtl@rowii=\count330
\dtl@rowiii=\count331
\@dtl@curi=\toks41
\@dtl@previ=\toks42
\@dtl@nexti=\toks43
\@dtl@curii=\toks44
\@dtl@previi=\toks45
\@dtl@nextii=\toks46
\@dtl@curiii=\toks47
\@dtl@previii=\toks48
\@dtl@nextiii=\toks49
\@dtl@elements=\count332
\@dtl@list=\toks50
\@dtl@rowa=\toks51
\@dtl@rowb=\toks52
\@dtl@toksA=\toks53
\@dtl@toksB=\toks54
\@dtl@write=\write3
\@dtl@read=\read2
\dtl@entrycr=\count333
\dtl@omitlines=\count334
) (C:\Users\josep\AppData\Local\Programs\MiKTeX\tex/latex/glossaries/base\glossaries.sty
Package: glossaries 2021/11/01 v4.49 (NLCT)
 (C:\Users\josep\AppData\Local\Programs\MiKTeX\tex/latex/mfirstuc\mfirstuc.sty
Package: mfirstuc 2021/10/15 v2.07 (NLCT)
\@glsmfirst=\toks55
\@glsmrest=\toks56
) (C:\Users\josep\AppData\Local\Programs\MiKTeX\tex/latex/textcase\textcase.sty
Package: textcase 2019/09/14 v1.00 Text only upper/lower case changing (DPC)
) (C:\Users\josep\AppData\Local\Programs\MiKTeX\tex/latex/glossaries/base\glossaries-compatible-307.sty
Package: glossaries-compatible-307 2021/11/01 v4.49 (NLCT)
)
\gls@level=\count335
\@gls@tmpb=\toks57
\gls@tmplen=\skip86
\glskeylisttok=\toks58
\glslabeltok=\toks59
\glsshorttok=\toks60
\glslongtok=\toks61
 (C:\Users\josep\AppData\Local\Programs\MiKTeX\tex/latex/glossaries/styles\glossary-hypernav.sty
Package: glossary-hypernav 2021/11/01 v4.49 (NLCT)
) (C:\Users\josep\AppData\Local\Programs\MiKTeX\tex/latex/glossaries/styles\glossary-list.sty
Package: glossary-list 2021/11/01 v4.49 (NLCT)
\glslistdottedwidth=\skip87
) (C:\Users\josep\AppData\Local\Programs\MiKTeX\tex/latex/glossaries/styles\glossary-long.sty
Package: glossary-long 2021/11/01 v4.49 (NLCT)
\glsdescwidth=\skip88
\glspagelistwidth=\skip89
) (C:\Users\josep\AppData\Local\Programs\MiKTeX\tex/latex/glossaries/styles\glossary-super.sty
Package: glossary-super 2021/11/01 v4.49 (NLCT)
 (C:\Users\josep\AppData\Local\Programs\MiKTeX\tex/latex/supertabular\supertabular.sty
Package: supertabular 2020/02/02 v4.1g the supertabular environment
\c@tracingst=\count336
\ST@wd=\dimen183
\ST@rightskip=\skip90
\ST@leftskip=\skip91
\ST@parfillskip=\skip92
\ST@pageleft=\dimen184
\ST@headht=\dimen185
\ST@tailht=\dimen186
\ST@pagesofar=\dimen187
\ST@pboxht=\dimen188
\ST@lineht=\dimen189
\ST@prevht=\dimen190
\ST@toadd=\dimen191
\ST@dimen=\dimen192
\ST@pbox=\box70
)) (C:\Users\josep\AppData\Local\Programs\MiKTeX\tex/latex/glossaries/styles\glossary-tree.sty
Package: glossary-tree 2021/11/01 v4.49 (NLCT)
\glstreeindent=\skip93
))
\glswrite=\write4
\glo@main@file=\write5
\openout5 = `thesis.glo'.

Package glossaries Info: Writing glossary file thesis.glo on input line 172.
 (glossary.tex)
\c@theorem=\count337
 (C:\Users\josep\AppData\Local\Programs\MiKTeX\tex/latex/l3backend\l3backend-pdftex.def
File: l3backend-pdftex.def 2022-02-07 L3 backend support: PDF output (pdfTeX)
\l__color_backend_stack_int=\count338
\l__pdf_internal_box=\box71
) (thesis.aux)
\openout1 = `thesis.aux'.

LaTeX Font Info:    Checking defaults for OML/cmm/m/it on input line 326.
LaTeX Font Info:    ... okay on input line 326.
LaTeX Font Info:    Checking defaults for OMS/cmsy/m/n on input line 326.
LaTeX Font Info:    ... okay on input line 326.
LaTeX Font Info:    Checking defaults for OT1/cmr/m/n on input line 326.
LaTeX Font Info:    ... okay on input line 326.
LaTeX Font Info:    Checking defaults for T1/cmr/m/n on input line 326.
LaTeX Font Info:    ... okay on input line 326.
LaTeX Font Info:    Checking defaults for TS1/cmr/m/n on input line 326.
LaTeX Font Info:    ... okay on input line 326.
LaTeX Font Info:    Checking defaults for OMX/cmex/m/n on input line 326.
LaTeX Font Info:    ... okay on input line 326.
LaTeX Font Info:    Checking defaults for U/cmr/m/n on input line 326.
LaTeX Font Info:    ... okay on input line 326.
LaTeX Font Info:    Checking defaults for PD1/pdf/m/n on input line 326.
LaTeX Font Info:    ... okay on input line 326.
LaTeX Font Info:    Checking defaults for PU/pdf/m/n on input line 326.
LaTeX Font Info:    ... okay on input line 326.

Note: longtable package detected, redefining the caption printing
(C:\Users\josep\AppData\Local\Programs\MiKTeX\tex/context/base/mkii\supp-pdf.mkii
[Loading MPS to PDF converter (version 2006.09.02).]
\scratchcounter=\count339
\scratchdimen=\dimen193
\scratchbox=\box72
\nofMPsegments=\count340
\nofMParguments=\count341
\everyMPshowfont=\toks62
\MPscratchCnt=\count342
\MPscratchDim=\dimen194
\MPnumerator=\count343
\makeMPintoPDFobject=\count344
\everyMPtoPDFconversion=\toks63
) (C:\Users\josep\AppData\Local\Programs\MiKTeX\tex/latex/epstopdf-pkg\epstopdf-base.sty
Package: epstopdf-base 2020-01-24 v2.11 Base part for package epstopdf
Package epstopdf-base Info: Redefining graphics rule for `.eps' on input line 485.
 (C:\Users\josep\AppData\Local\Programs\MiKTeX\tex/latex/00miktex\epstopdf-sys.cfg
File: epstopdf-sys.cfg 2021/03/18 v2.0 Configuration of epstopdf for MiKTeX
))
Package hyperref Info: Link coloring OFF on input line 326.
 (C:\Users\josep\AppData\Local\Programs\MiKTeX\tex/latex/hyperref\nameref.sty
Package: nameref 2021-04-02 v2.47 Cross-referencing by name of section
 (C:\Users\josep\AppData\Local\Programs\MiKTeX\tex/latex/refcount\refcount.sty
Package: refcount 2019/12/15 v3.6 Data extraction from label references (HO)
) (C:\Users\josep\AppData\Local\Programs\MiKTeX\tex/generic/gettitlestring\gettitlestring.sty
Package: gettitlestring 2019/12/15 v1.6 Cleanup title references (HO)
)
\c@section@level=\count345
)
LaTeX Info: Redefining \ref on input line 326.
LaTeX Info: Redefining \pageref on input line 326.
LaTeX Info: Redefining \nameref on input line 326.
 (thesis.out) (thesis.out)
\@outlinefile=\write6
\openout6 = `thesis.out'.

Package caption Info: Begin \AtBeginDocument code.
Package caption Info: supertabular package is loaded.
Package caption Info: End \AtBeginDocument code.
 [1


\openout4 = `thesis.ist'.

{C:/Users/josep/AppData/Local/MiKTeX/fonts/map/pdftex/pdftex.map}] [2] [3] [4

]

Package hyperref Warning: bookmark level for unknown schapter defaults to 0.

(abstract.tex) [5

] (thesis.toc
LaTeX Font Info:    Trying to load font information for U+msa on input line 1.
 (C:\Users\josep\AppData\Local\Programs\MiKTeX\tex/latex/amsfonts\umsa.fd
File: umsa.fd 2013/01/14 v3.01 AMS symbols A
)
LaTeX Font Info:    Trying to load font information for U+msb on input line 1.
 (C:\Users\josep\AppData\Local\Programs\MiKTeX\tex/latex/amsfonts\umsb.fd
File: umsb.fd 2013/01/14 v3.01 AMS symbols B
))
\tf@toc=\write7
\openout7 = `thesis.toc'.

 [6

] (thesis.lot)
\tf@lot=\write8
\openout8 = `thesis.lot'.

 [7

] (thesis.lof [8

])
\tf@lof=\write9
\openout9 = `thesis.lof'.

 [9] (body.tex

Package hyperref Warning: bookmark level for unknown chaphd defaults to 0.

CHAPTER 1.

LaTeX Font Warning: Font shape `OT1/cmr/bx/sc' undefined
(Font)              using `OT1/cmr/bx/n' instead on input line 12.

 Section 1.1.
[1

] [2]
 Section 1.2.
[3] [4]
 Section 1.3.
[5]
pdfTeX warning (ext4): destination with the same identifier (name{enumi.0}) has been already used, duplicate ignored
<to be read again> 
                   \relax 
l.264     \item $
                 \mathcal{L}_{\text{DMD}}$ is the error associated with DMD....
pdfTeX warning (ext4): destination with the same identifier (name{enumi.0}) has been already used, duplicate ignored
<to be read again> 
                   \relax 
l.269     \item $
                 \mathcal{L}_{\text{pred}}$ is the MSE for each forward time...
pdfTeX warning (ext4): destination with the same identifier (name{enumi.0}) has been already used, duplicate ignored
<to be read again> 
                   \relax 
l.274     \item $
                 \boldsymbol{W}_g$ is the vectorized quantity that represent...
pdfTeX warning (ext4): destination with the same identifier (name{enumi.0}) has been already used, duplicate ignored
<to be read again> 
                   \relax 
l.279     \item $
                 \alpha_1,\ \alpha_2,\ \alpha_3,$ and $\alpha_4$ are 4 posit...
 Section 1.4.
[6]
<Figures/Encoder.png, id=318, 577.40718pt x 334.24875pt>
File: Figures/Encoder.png Graphic file (type png)
<use Figures/Encoder.png>
Package pdftex.def Info: Figures/Encoder.png  used on input line 320.
(pdftex.def)             Requested size: 203.258pt x 117.66203pt.
<Figures/Decoder.png, id=320, 577.40718pt x 334.24875pt>
File: Figures/Decoder.png Graphic file (type png)
<use Figures/Decoder.png>
Package pdftex.def Info: Figures/Decoder.png  used on input line 328.
(pdftex.def)             Requested size: 203.258pt x 117.66203pt.

 Section 1.5.
[7 <./Figures/Encoder.png> <./Figures/Decoder.png>] [8]
CHAPTER 2.
<Figures/entropy_densities_example.png, id=337, 722.7pt x 361.35pt>
File: Figures/entropy_densities_example.png Graphic file (type png)
<use Figures/entropy_densities_example.png>
Package pdftex.def Info: Figures/entropy_densities_example.png  used on input line 428.
(pdftex.def)             Requested size: 451.6875pt x 225.8432pt.
 Section 2.1.
[9

] [10 <./Figures/entropy_densities_example.png>]
<Figures/divergence_example.png, id=358, 722.7pt x 361.35pt>
File: Figures/divergence_example.png Graphic file (type png)
<use Figures/divergence_example.png>
Package pdftex.def Info: Figures/divergence_example.png  used on input line 487.
(pdftex.def)             Requested size: 451.6875pt x 225.8432pt.

 Section 2.2.
[11 <./Figures/divergence_example.png>]
<Figures/kde_example.png, id=372, 722.7pt x 361.35pt>
File: Figures/kde_example.png Graphic file (type png)
<use Figures/kde_example.png>
Package pdftex.def Info: Figures/kde_example.png  used on input line 529.
(pdftex.def)             Requested size: 451.6875pt x 225.8432pt.

 Section 2.3.
[12]
 Section 2.4.
[13 <./Figures/kde_example.png>] [14]
<Z:/ML_models/DLDMD-newest/examples/van_der_pol/trained_models/van_der_pol_07_2022-07-17-1837/div_plot_linear_enc_1.png, id=407, 722.7pt x 361.35pt>
File: Z:/ML_models/DLDMD-newest/examples/van_der_pol/trained_models/van_der_pol_07_2022-07-17-1837/div_plot_linear_enc_1.png Graphic file (type png)
<use Z:/ML_models/DLDMD-newest/examples/van_der_pol/trained_models/van_der_pol_07_2022-07-17-1837/div_plot_linear_enc_1.png>
Package pdftex.def Info: Z:/ML_models/DLDMD-newest/examples/van_der_pol/trained_models/van_der_pol_07_2022-07-17-1837/div_plot_linear_enc_1.png  used on input line 649.
(pdftex.def)             Requested size: 451.6875pt x 225.8432pt.
 [15] [16 <Z:/ML_models/DLDMD-newest/examples/van_der_pol/trained_models/van_der_pol_07_2022-07-17-1837/div_plot_linear_enc_1.png>]
CHAPTER 3.
 Section 3.1.
<Figures/duffing_phase_space.png, id=422, 722.7pt x 361.35pt>
File: Figures/duffing_phase_space.png Graphic file (type png)
<use Figures/duffing_phase_space.png>
Package pdftex.def Info: Figures/duffing_phase_space.png  used on input line 687.
(pdftex.def)             Requested size: 451.6875pt x 225.8432pt.
[17

] [18 <./Figures/duffing_phase_space.png>]
<Z:/ML_models/DLDMD-newest/examples/duffing/slope_linear_fit.png, id=440, 722.7pt x 361.35pt>
File: Z:/ML_models/DLDMD-newest/examples/duffing/slope_linear_fit.png Graphic file (type png)
<use Z:/ML_models/DLDMD-newest/examples/duffing/slope_linear_fit.png>
Package pdftex.def Info: Z:/ML_models/DLDMD-newest/examples/duffing/slope_linear_fit.png  used on input line 799.
(pdftex.def)             Requested size: 451.6875pt x 225.8432pt.
 [19]
<Z:/ML_models/DLDMD-newest/examples/duffing/loss_plots.png, id=452, 722.7pt x 361.35pt>
File: Z:/ML_models/DLDMD-newest/examples/duffing/loss_plots.png Graphic file (type png)
<use Z:/ML_models/DLDMD-newest/examples/duffing/loss_plots.png>
Package pdftex.def Info: Z:/ML_models/DLDMD-newest/examples/duffing/loss_plots.png  used on input line 830.
(pdftex.def)             Requested size: 451.6875pt x 225.8432pt.
 [20 <Z:/ML_models/DLDMD-newest/examples/duffing/slope_linear_fit.png>]
<Z:/ML_models/DLDMD-newest/examples/duffing/bandwidth_averages_plot.png, id=458, 722.7pt x 361.35pt>
File: Z:/ML_models/DLDMD-newest/examples/duffing/bandwidth_averages_plot.png Graphic file (type png)
<use Z:/ML_models/DLDMD-newest/examples/duffing/bandwidth_averages_plot.png>
Package pdftex.def Info: Z:/ML_models/DLDMD-newest/examples/duffing/bandwidth_averages_plot.png  used on input line 839.
(pdftex.def)             Requested size: 451.6875pt x 225.8432pt.
 [21 <Z:/ML_models/DLDMD-newest/examples/duffing/loss_plots.png> <Z:/ML_models/DLDMD-newest/examples/duffing/bandwidth_averages_plot.png>]
<Z:/ML_models/DLDMD-newest/examples/duffing/slope_linear_fit_enc_in.png, id=466, 722.7pt x 361.35pt>
File: Z:/ML_models/DLDMD-newest/examples/duffing/slope_linear_fit_enc_in.png Graphic file (type png)
<use Z:/ML_models/DLDMD-newest/examples/duffing/slope_linear_fit_enc_in.png>
Package pdftex.def Info: Z:/ML_models/DLDMD-newest/examples/duffing/slope_linear_fit_enc_in.png  used on input line 858.
(pdftex.def)             Requested size: 225.84375pt x 112.9216pt.
<Z:/ML_models/DLDMD-newest/examples/duffing/slope_linear_fit_enc_0.png, id=467, 722.7pt x 361.35pt>
File: Z:/ML_models/DLDMD-newest/examples/duffing/slope_linear_fit_enc_0.png Graphic file (type png)
<use Z:/ML_models/DLDMD-newest/examples/duffing/slope_linear_fit_enc_0.png>
Package pdftex.def Info: Z:/ML_models/DLDMD-newest/examples/duffing/slope_linear_fit_enc_0.png  used on input line 859.
(pdftex.def)             Requested size: 225.84375pt x 112.9216pt.
<Z:/ML_models/DLDMD-newest/examples/duffing/slope_linear_fit_enc_1.png, id=468, 722.7pt x 361.35pt>
File: Z:/ML_models/DLDMD-newest/examples/duffing/slope_linear_fit_enc_1.png Graphic file (type png)
<use Z:/ML_models/DLDMD-newest/examples/duffing/slope_linear_fit_enc_1.png>
Package pdftex.def Info: Z:/ML_models/DLDMD-newest/examples/duffing/slope_linear_fit_enc_1.png  used on input line 860.
(pdftex.def)             Requested size: 225.84375pt x 112.9216pt.
<Z:/ML_models/DLDMD-newest/examples/duffing/slope_linear_fit_enc_2.png, id=469, 722.7pt x 361.35pt>
File: Z:/ML_models/DLDMD-newest/examples/duffing/slope_linear_fit_enc_2.png Graphic file (type png)
<use Z:/ML_models/DLDMD-newest/examples/duffing/slope_linear_fit_enc_2.png>
Package pdftex.def Info: Z:/ML_models/DLDMD-newest/examples/duffing/slope_linear_fit_enc_2.png  used on input line 861.
(pdftex.def)             Requested size: 225.84375pt x 112.9216pt.
<Z:/ML_models/DLDMD-newest/examples/duffing/slope_linear_fit_enc_out.png, id=470, 722.7pt x 361.35pt>
File: Z:/ML_models/DLDMD-newest/examples/duffing/slope_linear_fit_enc_out.png Graphic file (type png)
<use Z:/ML_models/DLDMD-newest/examples/duffing/slope_linear_fit_enc_out.png>
Package pdftex.def Info: Z:/ML_models/DLDMD-newest/examples/duffing/slope_linear_fit_enc_out.png  used on input line 862.
(pdftex.def)             Requested size: 225.84375pt x 112.9216pt.
<Z:/ML_models/DLDMD-newest/examples/duffing/slope_linear_fit_dec_in.png, id=471, 722.7pt x 361.35pt>
File: Z:/ML_models/DLDMD-newest/examples/duffing/slope_linear_fit_dec_in.png Graphic file (type png)
<use Z:/ML_models/DLDMD-newest/examples/duffing/slope_linear_fit_dec_in.png>
Package pdftex.def Info: Z:/ML_models/DLDMD-newest/examples/duffing/slope_linear_fit_dec_in.png  used on input line 865.
(pdftex.def)             Requested size: 225.84375pt x 112.9216pt.
<Z:/ML_models/DLDMD-newest/examples/duffing/slope_linear_fit_dec_0.png, id=472, 722.7pt x 361.35pt>
File: Z:/ML_models/DLDMD-newest/examples/duffing/slope_linear_fit_dec_0.png Graphic file (type png)
<use Z:/ML_models/DLDMD-newest/examples/duffing/slope_linear_fit_dec_0.png>
Package pdftex.def Info: Z:/ML_models/DLDMD-newest/examples/duffing/slope_linear_fit_dec_0.png  used on input line 866.
(pdftex.def)             Requested size: 225.84375pt x 112.9216pt.
<Z:/ML_models/DLDMD-newest/examples/duffing/slope_linear_fit_dec_1.png, id=473, 722.7pt x 361.35pt>
File: Z:/ML_models/DLDMD-newest/examples/duffing/slope_linear_fit_dec_1.png Graphic file (type png)
<use Z:/ML_models/DLDMD-newest/examples/duffing/slope_linear_fit_dec_1.png>
Package pdftex.def Info: Z:/ML_models/DLDMD-newest/examples/duffing/slope_linear_fit_dec_1.png  used on input line 867.
(pdftex.def)             Requested size: 225.84375pt x 112.9216pt.
<Z:/ML_models/DLDMD-newest/examples/duffing/slope_linear_fit_dec_2.png, id=474, 722.7pt x 361.35pt>
File: Z:/ML_models/DLDMD-newest/examples/duffing/slope_linear_fit_dec_2.png Graphic file (type png)
<use Z:/ML_models/DLDMD-newest/examples/duffing/slope_linear_fit_dec_2.png>
Package pdftex.def Info: Z:/ML_models/DLDMD-newest/examples/duffing/slope_linear_fit_dec_2.png  used on input line 868.
(pdftex.def)             Requested size: 225.84375pt x 112.9216pt.
<Z:/ML_models/DLDMD-newest/examples/duffing/slope_linear_fit_dec_out.png, id=475, 722.7pt x 361.35pt>
File: Z:/ML_models/DLDMD-newest/examples/duffing/slope_linear_fit_dec_out.png Graphic file (type png)
<use Z:/ML_models/DLDMD-newest/examples/duffing/slope_linear_fit_dec_out.png>
Package pdftex.def Info: Z:/ML_models/DLDMD-newest/examples/duffing/slope_linear_fit_dec_out.png  used on input line 869.
(pdftex.def)             Requested size: 225.84375pt x 112.9216pt.
<Z:/ML_models/DLDMD-newest/examples/duffing/div_plot_linear_enc_in.png, id=476, 722.7pt x 361.35pt>
File: Z:/ML_models/DLDMD-newest/examples/duffing/div_plot_linear_enc_in.png Graphic file (type png)
<use Z:/ML_models/DLDMD-newest/examples/duffing/div_plot_linear_enc_in.png>
Package pdftex.def Info: Z:/ML_models/DLDMD-newest/examples/duffing/div_plot_linear_enc_in.png  used on input line 878.
(pdftex.def)             Requested size: 225.84375pt x 112.9216pt.
<Z:/ML_models/DLDMD-newest/examples/duffing/div_plot_linear_enc_0.png, id=477, 722.7pt x 361.35pt>
File: Z:/ML_models/DLDMD-newest/examples/duffing/div_plot_linear_enc_0.png Graphic file (type png)
<use Z:/ML_models/DLDMD-newest/examples/duffing/div_plot_linear_enc_0.png>
Package pdftex.def Info: Z:/ML_models/DLDMD-newest/examples/duffing/div_plot_linear_enc_0.png  used on input line 879.
(pdftex.def)             Requested size: 225.84375pt x 112.9216pt.
<Z:/ML_models/DLDMD-newest/examples/duffing/div_plot_linear_enc_1.png, id=478, 722.7pt x 361.35pt>
File: Z:/ML_models/DLDMD-newest/examples/duffing/div_plot_linear_enc_1.png Graphic file (type png)
<use Z:/ML_models/DLDMD-newest/examples/duffing/div_plot_linear_enc_1.png>
Package pdftex.def Info: Z:/ML_models/DLDMD-newest/examples/duffing/div_plot_linear_enc_1.png  used on input line 880.
(pdftex.def)             Requested size: 225.84375pt x 112.9216pt.
<Z:/ML_models/DLDMD-newest/examples/duffing/div_plot_linear_enc_2.png, id=479, 722.7pt x 361.35pt>
File: Z:/ML_models/DLDMD-newest/examples/duffing/div_plot_linear_enc_2.png Graphic file (type png)
<use Z:/ML_models/DLDMD-newest/examples/duffing/div_plot_linear_enc_2.png>
Package pdftex.def Info: Z:/ML_models/DLDMD-newest/examples/duffing/div_plot_linear_enc_2.png  used on input line 881.
(pdftex.def)             Requested size: 225.84375pt x 112.9216pt.
<Z:/ML_models/DLDMD-newest/examples/duffing/div_plot_linear_enc_out.png, id=480, 722.7pt x 361.35pt>
File: Z:/ML_models/DLDMD-newest/examples/duffing/div_plot_linear_enc_out.png Graphic file (type png)
<use Z:/ML_models/DLDMD-newest/examples/duffing/div_plot_linear_enc_out.png>
Package pdftex.def Info: Z:/ML_models/DLDMD-newest/examples/duffing/div_plot_linear_enc_out.png  used on input line 882.
(pdftex.def)             Requested size: 225.84375pt x 112.9216pt.
<Z:/ML_models/DLDMD-newest/examples/duffing/div_plot_linear_dec_in.png, id=481, 722.7pt x 361.35pt>
File: Z:/ML_models/DLDMD-newest/examples/duffing/div_plot_linear_dec_in.png Graphic file (type png)
<use Z:/ML_models/DLDMD-newest/examples/duffing/div_plot_linear_dec_in.png>
Package pdftex.def Info: Z:/ML_models/DLDMD-newest/examples/duffing/div_plot_linear_dec_in.png  used on input line 885.
(pdftex.def)             Requested size: 225.84375pt x 112.9216pt.
<Z:/ML_models/DLDMD-newest/examples/duffing/div_plot_linear_dec_0.png, id=482, 722.7pt x 361.35pt>
File: Z:/ML_models/DLDMD-newest/examples/duffing/div_plot_linear_dec_0.png Graphic file (type png)
<use Z:/ML_models/DLDMD-newest/examples/duffing/div_plot_linear_dec_0.png>
Package pdftex.def Info: Z:/ML_models/DLDMD-newest/examples/duffing/div_plot_linear_dec_0.png  used on input line 886.
(pdftex.def)             Requested size: 225.84375pt x 112.9216pt.
<Z:/ML_models/DLDMD-newest/examples/duffing/div_plot_linear_dec_1.png, id=483, 722.7pt x 361.35pt>
File: Z:/ML_models/DLDMD-newest/examples/duffing/div_plot_linear_dec_1.png Graphic file (type png)
<use Z:/ML_models/DLDMD-newest/examples/duffing/div_plot_linear_dec_1.png>
Package pdftex.def Info: Z:/ML_models/DLDMD-newest/examples/duffing/div_plot_linear_dec_1.png  used on input line 887.
(pdftex.def)             Requested size: 225.84375pt x 112.9216pt.
<Z:/ML_models/DLDMD-newest/examples/duffing/div_plot_linear_dec_2.png, id=484, 722.7pt x 361.35pt>
File: Z:/ML_models/DLDMD-newest/examples/duffing/div_plot_linear_dec_2.png Graphic file (type png)
<use Z:/ML_models/DLDMD-newest/examples/duffing/div_plot_linear_dec_2.png>
Package pdftex.def Info: Z:/ML_models/DLDMD-newest/examples/duffing/div_plot_linear_dec_2.png  used on input line 888.
(pdftex.def)             Requested size: 225.84375pt x 112.9216pt.
<Z:/ML_models/DLDMD-newest/examples/duffing/div_plot_linear_dec_out.png, id=485, 722.7pt x 361.35pt>
File: Z:/ML_models/DLDMD-newest/examples/duffing/div_plot_linear_dec_out.png Graphic file (type png)
<use Z:/ML_models/DLDMD-newest/examples/duffing/div_plot_linear_dec_out.png>
Package pdftex.def Info: Z:/ML_models/DLDMD-newest/examples/duffing/div_plot_linear_dec_out.png  used on input line 889.
(pdftex.def)             Requested size: 225.84375pt x 112.9216pt.
<Z:/ML_models/DLDMD-newest/examples/duffing/trajectories_00.png, id=486, 722.7pt x 361.35pt>
File: Z:/ML_models/DLDMD-newest/examples/duffing/trajectories_00.png Graphic file (type png)
<use Z:/ML_models/DLDMD-newest/examples/duffing/trajectories_00.png>
Package pdftex.def Info: Z:/ML_models/DLDMD-newest/examples/duffing/trajectories_00.png  used on input line 898.
(pdftex.def)             Requested size: 225.84375pt x 112.9216pt.
<Z:/ML_models/DLDMD-newest/examples/duffing/trajectories_03.png, id=487, 722.7pt x 361.35pt>
File: Z:/ML_models/DLDMD-newest/examples/duffing/trajectories_03.png Graphic file (type png)
<use Z:/ML_models/DLDMD-newest/examples/duffing/trajectories_03.png>
Package pdftex.def Info: Z:/ML_models/DLDMD-newest/examples/duffing/trajectories_03.png  used on input line 899.
(pdftex.def)             Requested size: 225.84375pt x 112.9216pt.
<Z:/ML_models/DLDMD-newest/examples/duffing/trajectories_05.png, id=488, 722.7pt x 361.35pt>
File: Z:/ML_models/DLDMD-newest/examples/duffing/trajectories_05.png Graphic file (type png)
<use Z:/ML_models/DLDMD-newest/examples/duffing/trajectories_05.png>
Package pdftex.def Info: Z:/ML_models/DLDMD-newest/examples/duffing/trajectories_05.png  used on input line 900.
(pdftex.def)             Requested size: 225.84375pt x 112.9216pt.
<Z:/ML_models/DLDMD-newest/examples/duffing/trajectories_07.png, id=489, 722.7pt x 361.35pt>
File: Z:/ML_models/DLDMD-newest/examples/duffing/trajectories_07.png Graphic file (type png)
<use Z:/ML_models/DLDMD-newest/examples/duffing/trajectories_07.png>
Package pdftex.def Info: Z:/ML_models/DLDMD-newest/examples/duffing/trajectories_07.png  used on input line 901.
(pdftex.def)             Requested size: 225.84375pt x 112.9216pt.
<Z:/ML_models/DLDMD-newest/examples/duffing/trajectories_09.png, id=490, 722.7pt x 361.35pt>
File: Z:/ML_models/DLDMD-newest/examples/duffing/trajectories_09.png Graphic file (type png)
<use Z:/ML_models/DLDMD-newest/examples/duffing/trajectories_09.png>
Package pdftex.def Info: Z:/ML_models/DLDMD-newest/examples/duffing/trajectories_09.png  used on input line 902.
(pdftex.def)             Requested size: 225.84375pt x 112.9216pt.
<Z:/ML_models/DLDMD-newest/examples/duffing/trajectories_02.png, id=491, 722.7pt x 361.35pt>
File: Z:/ML_models/DLDMD-newest/examples/duffing/trajectories_02.png Graphic file (type png)
<use Z:/ML_models/DLDMD-newest/examples/duffing/trajectories_02.png>
Package pdftex.def Info: Z:/ML_models/DLDMD-newest/examples/duffing/trajectories_02.png  used on input line 905.
(pdftex.def)             Requested size: 225.84375pt x 112.9216pt.
<Z:/ML_models/DLDMD-newest/examples/duffing/trajectories_04.png, id=492, 722.7pt x 361.35pt>
File: Z:/ML_models/DLDMD-newest/examples/duffing/trajectories_04.png Graphic file (type png)
<use Z:/ML_models/DLDMD-newest/examples/duffing/trajectories_04.png>
Package pdftex.def Info: Z:/ML_models/DLDMD-newest/examples/duffing/trajectories_04.png  used on input line 906.
(pdftex.def)             Requested size: 225.84375pt x 112.9216pt.
<Z:/ML_models/DLDMD-newest/examples/duffing/trajectories_06.png, id=493, 722.7pt x 361.35pt>
File: Z:/ML_models/DLDMD-newest/examples/duffing/trajectories_06.png Graphic file (type png)
<use Z:/ML_models/DLDMD-newest/examples/duffing/trajectories_06.png>
Package pdftex.def Info: Z:/ML_models/DLDMD-newest/examples/duffing/trajectories_06.png  used on input line 907.
(pdftex.def)             Requested size: 225.84375pt x 112.9216pt.
<Z:/ML_models/DLDMD-newest/examples/duffing/trajectories_08.png, id=494, 722.7pt x 361.35pt>
File: Z:/ML_models/DLDMD-newest/examples/duffing/trajectories_08.png Graphic file (type png)
<use Z:/ML_models/DLDMD-newest/examples/duffing/trajectories_08.png>
Package pdftex.def Info: Z:/ML_models/DLDMD-newest/examples/duffing/trajectories_08.png  used on input line 908.
(pdftex.def)             Requested size: 225.84375pt x 112.9216pt.
<Z:/ML_models/DLDMD-newest/examples/duffing/trajectories_10.png, id=495, 722.7pt x 361.35pt>
File: Z:/ML_models/DLDMD-newest/examples/duffing/trajectories_10.png Graphic file (type png)
<use Z:/ML_models/DLDMD-newest/examples/duffing/trajectories_10.png>
Package pdftex.def Info: Z:/ML_models/DLDMD-newest/examples/duffing/trajectories_10.png  used on input line 909.
(pdftex.def)             Requested size: 225.84375pt x 112.9216pt.

 Section 3.2.
<Figures/van_der_pol_phase_space.png, id=496, 722.7pt x 361.35pt>
File: Figures/van_der_pol_phase_space.png Graphic file (type png)
<use Figures/van_der_pol_phase_space.png>
Package pdftex.def Info: Figures/van_der_pol_phase_space.png  used on input line 921.
(pdftex.def)             Requested size: 451.6875pt x 225.8432pt.
<Z:/ML_models/DLDMD-newest/examples/van_der_pol/slope_linear_fit.png, id=497, 722.7pt x 361.35pt>
File: Z:/ML_models/DLDMD-newest/examples/van_der_pol/slope_linear_fit.png Graphic file (type png)
<use Z:/ML_models/DLDMD-newest/examples/van_der_pol/slope_linear_fit.png>
Package pdftex.def Info: Z:/ML_models/DLDMD-newest/examples/van_der_pol/slope_linear_fit.png  used on input line 945.
(pdftex.def)             Requested size: 451.6875pt x 225.8432pt.
<Z:/ML_models/DLDMD-newest/examples/van_der_pol/loss_plots.png, id=501, 722.7pt x 361.35pt>
File: Z:/ML_models/DLDMD-newest/examples/van_der_pol/loss_plots.png Graphic file (type png)
<use Z:/ML_models/DLDMD-newest/examples/van_der_pol/loss_plots.png>
Package pdftex.def Info: Z:/ML_models/DLDMD-newest/examples/van_der_pol/loss_plots.png  used on input line 966.
(pdftex.def)             Requested size: 451.6875pt x 225.8432pt.
[22] [23 <Z:/ML_models/DLDMD-newest/examples/duffing/slope_linear_fit_enc_in.png> <Z:/ML_models/DLDMD-newest/examples/duffing/slope_linear_fit_enc_0.png> <Z:/ML_models/DLDMD-newest/examples/duffing/slope_linear_fit_enc_1.png> <Z:/ML_models/DLDMD-newest/examples/duffing/slope_linear_fit_enc_2.png> <Z:/ML_models/DLDMD-newest/examples/duffing/slope_linear_fit_enc_out.png> <Z:/ML_models/DLDMD-newest/examples/duffing/slope_linear_fit_dec_in.png> <Z:/ML_models/DLDMD-newest/examples/duffing/slope_linear_fit_dec_0.png> <Z:/ML_models/DLDMD-newest/examples/duffing/slope_linear_fit_dec_1.png> <Z:/ML_models/DLDMD-newest/examples/duffing/slope_linear_fit_dec_2.png> <Z:/ML_models/DLDMD-newest/examples/duffing/slope_linear_fit_dec_out.png>] [24 <Z:/ML_models/DLDMD-newest/examples/duffing/div_plot_linear_enc_in.png> <Z:/ML_models/DLDMD-newest/examples/duffing/div_plot_linear_enc_0.png> <Z:/ML_models/DLDMD-newest/examples/duffing/div_plot_linear_enc_1.png> <Z:/ML_models/DLDMD-newest/examples/duffing/div_plot_linear_enc_2.png> <Z:/ML_models/DLDMD-newest/examples/duffing/div_plot_linear_enc_out.png> <Z:/ML_models/DLDMD-newest/examples/duffing/div_plot_linear_dec_in.png> <Z:/ML_models/DLDMD-newest/examples/duffing/div_plot_linear_dec_0.png> <Z:/ML_models/DLDMD-newest/examples/duffing/div_plot_linear_dec_1.png> <Z:/ML_models/DLDMD-newest/examples/duffing/div_plot_linear_dec_2.png> <Z:/ML_models/DLDMD-newest/examples/duffing/div_plot_linear_dec_out.png>] [25 <Z:/ML_models/DLDMD-newest/examples/duffing/trajectories_00.png> <Z:/ML_models/DLDMD-newest/examples/duffing/trajectories_03.png> <Z:/ML_models/DLDMD-newest/examples/duffing/trajectories_05.png> <Z:/ML_models/DLDMD-newest/examples/duffing/trajectories_07.png> <Z:/ML_models/DLDMD-newest/examples/duffing/trajectories_09.png> <Z:/ML_models/DLDMD-newest/examples/duffing/trajectories_02.png> <Z:/ML_models/DLDMD-newest/examples/duffing/trajectories_04.png> <Z:/ML_models/DLDMD-newest/examples/duffing/trajectories_06.png> <Z:/ML_models/DLDMD-newest/examples/duffing/trajectories_08.png> <Z:/ML_models/DLDMD-newest/examples/duffing/trajectories_10.png>]
<Z:/ML_models/DLDMD-newest/examples/van_der_pol/bandwidth_averages_plot.png, id=558, 722.7pt x 361.35pt>
File: Z:/ML_models/DLDMD-newest/examples/van_der_pol/bandwidth_averages_plot.png Graphic file (type png)
<use Z:/ML_models/DLDMD-newest/examples/van_der_pol/bandwidth_averages_plot.png>
Package pdftex.def Info: Z:/ML_models/DLDMD-newest/examples/van_der_pol/bandwidth_averages_plot.png  used on input line 997.
(pdftex.def)             Requested size: 451.6875pt x 225.8432pt.
<Z:/ML_models/DLDMD-newest/examples/van_der_pol/slope_linear_fit_enc_in.png, id=559, 722.7pt x 361.35pt>
File: Z:/ML_models/DLDMD-newest/examples/van_der_pol/slope_linear_fit_enc_in.png Graphic file (type png)
<use Z:/ML_models/DLDMD-newest/examples/van_der_pol/slope_linear_fit_enc_in.png>
Package pdftex.def Info: Z:/ML_models/DLDMD-newest/examples/van_der_pol/slope_linear_fit_enc_in.png  used on input line 1006.
(pdftex.def)             Requested size: 225.84375pt x 112.9216pt.
<Z:/ML_models/DLDMD-newest/examples/van_der_pol/slope_linear_fit_enc_0.png, id=560, 722.7pt x 361.35pt>
File: Z:/ML_models/DLDMD-newest/examples/van_der_pol/slope_linear_fit_enc_0.png Graphic file (type png)
<use Z:/ML_models/DLDMD-newest/examples/van_der_pol/slope_linear_fit_enc_0.png>
Package pdftex.def Info: Z:/ML_models/DLDMD-newest/examples/van_der_pol/slope_linear_fit_enc_0.png  used on input line 1007.
(pdftex.def)             Requested size: 225.84375pt x 112.9216pt.
<Z:/ML_models/DLDMD-newest/examples/van_der_pol/slope_linear_fit_enc_1.png, id=561, 722.7pt x 361.35pt>
File: Z:/ML_models/DLDMD-newest/examples/van_der_pol/slope_linear_fit_enc_1.png Graphic file (type png)
<use Z:/ML_models/DLDMD-newest/examples/van_der_pol/slope_linear_fit_enc_1.png>
Package pdftex.def Info: Z:/ML_models/DLDMD-newest/examples/van_der_pol/slope_linear_fit_enc_1.png  used on input line 1008.
(pdftex.def)             Requested size: 225.84375pt x 112.9216pt.
<Z:/ML_models/DLDMD-newest/examples/van_der_pol/slope_linear_fit_enc_2.png, id=562, 722.7pt x 361.35pt>
File: Z:/ML_models/DLDMD-newest/examples/van_der_pol/slope_linear_fit_enc_2.png Graphic file (type png)
<use Z:/ML_models/DLDMD-newest/examples/van_der_pol/slope_linear_fit_enc_2.png>
Package pdftex.def Info: Z:/ML_models/DLDMD-newest/examples/van_der_pol/slope_linear_fit_enc_2.png  used on input line 1009.
(pdftex.def)             Requested size: 225.84375pt x 112.9216pt.
<Z:/ML_models/DLDMD-newest/examples/van_der_pol/slope_linear_fit_enc_out.png, id=563, 722.7pt x 361.35pt>
File: Z:/ML_models/DLDMD-newest/examples/van_der_pol/slope_linear_fit_enc_out.png Graphic file (type png)
<use Z:/ML_models/DLDMD-newest/examples/van_der_pol/slope_linear_fit_enc_out.png>
Package pdftex.def Info: Z:/ML_models/DLDMD-newest/examples/van_der_pol/slope_linear_fit_enc_out.png  used on input line 1010.
(pdftex.def)             Requested size: 225.84375pt x 112.9216pt.
<Z:/ML_models/DLDMD-newest/examples/van_der_pol/slope_linear_fit_dec_in.png, id=564, 722.7pt x 361.35pt>
File: Z:/ML_models/DLDMD-newest/examples/van_der_pol/slope_linear_fit_dec_in.png Graphic file (type png)
<use Z:/ML_models/DLDMD-newest/examples/van_der_pol/slope_linear_fit_dec_in.png>
Package pdftex.def Info: Z:/ML_models/DLDMD-newest/examples/van_der_pol/slope_linear_fit_dec_in.png  used on input line 1013.
(pdftex.def)             Requested size: 225.84375pt x 112.9216pt.
<Z:/ML_models/DLDMD-newest/examples/van_der_pol/slope_linear_fit_dec_0.png, id=565, 722.7pt x 361.35pt>
File: Z:/ML_models/DLDMD-newest/examples/van_der_pol/slope_linear_fit_dec_0.png Graphic file (type png)
<use Z:/ML_models/DLDMD-newest/examples/van_der_pol/slope_linear_fit_dec_0.png>
Package pdftex.def Info: Z:/ML_models/DLDMD-newest/examples/van_der_pol/slope_linear_fit_dec_0.png  used on input line 1014.
(pdftex.def)             Requested size: 225.84375pt x 112.9216pt.
<Z:/ML_models/DLDMD-newest/examples/van_der_pol/slope_linear_fit_dec_1.png, id=566, 722.7pt x 361.35pt>
File: Z:/ML_models/DLDMD-newest/examples/van_der_pol/slope_linear_fit_dec_1.png Graphic file (type png)
<use Z:/ML_models/DLDMD-newest/examples/van_der_pol/slope_linear_fit_dec_1.png>
Package pdftex.def Info: Z:/ML_models/DLDMD-newest/examples/van_der_pol/slope_linear_fit_dec_1.png  used on input line 1015.
(pdftex.def)             Requested size: 225.84375pt x 112.9216pt.
<Z:/ML_models/DLDMD-newest/examples/van_der_pol/slope_linear_fit_dec_2.png, id=567, 722.7pt x 361.35pt>
File: Z:/ML_models/DLDMD-newest/examples/van_der_pol/slope_linear_fit_dec_2.png Graphic file (type png)
<use Z:/ML_models/DLDMD-newest/examples/van_der_pol/slope_linear_fit_dec_2.png>
Package pdftex.def Info: Z:/ML_models/DLDMD-newest/examples/van_der_pol/slope_linear_fit_dec_2.png  used on input line 1016.
(pdftex.def)             Requested size: 225.84375pt x 112.9216pt.
<Z:/ML_models/DLDMD-newest/examples/van_der_pol/slope_linear_fit_dec_out.png, id=568, 722.7pt x 361.35pt>
File: Z:/ML_models/DLDMD-newest/examples/van_der_pol/slope_linear_fit_dec_out.png Graphic file (type png)
<use Z:/ML_models/DLDMD-newest/examples/van_der_pol/slope_linear_fit_dec_out.png>
Package pdftex.def Info: Z:/ML_models/DLDMD-newest/examples/van_der_pol/slope_linear_fit_dec_out.png  used on input line 1017.
(pdftex.def)             Requested size: 225.84375pt x 112.9216pt.
<Z:/ML_models/DLDMD-newest/examples/van_der_pol/div_plot_linear_enc_in.png, id=569, 722.7pt x 361.35pt>
File: Z:/ML_models/DLDMD-newest/examples/van_der_pol/div_plot_linear_enc_in.png Graphic file (type png)
<use Z:/ML_models/DLDMD-newest/examples/van_der_pol/div_plot_linear_enc_in.png>
Package pdftex.def Info: Z:/ML_models/DLDMD-newest/examples/van_der_pol/div_plot_linear_enc_in.png  used on input line 1026.
(pdftex.def)             Requested size: 225.84375pt x 112.9216pt.
<Z:/ML_models/DLDMD-newest/examples/van_der_pol/div_plot_linear_enc_0.png, id=570, 722.7pt x 361.35pt>
File: Z:/ML_models/DLDMD-newest/examples/van_der_pol/div_plot_linear_enc_0.png Graphic file (type png)
<use Z:/ML_models/DLDMD-newest/examples/van_der_pol/div_plot_linear_enc_0.png>
Package pdftex.def Info: Z:/ML_models/DLDMD-newest/examples/van_der_pol/div_plot_linear_enc_0.png  used on input line 1027.
(pdftex.def)             Requested size: 225.84375pt x 112.9216pt.
<Z:/ML_models/DLDMD-newest/examples/van_der_pol/div_plot_linear_enc_1.png, id=571, 722.7pt x 361.35pt>
File: Z:/ML_models/DLDMD-newest/examples/van_der_pol/div_plot_linear_enc_1.png Graphic file (type png)
<use Z:/ML_models/DLDMD-newest/examples/van_der_pol/div_plot_linear_enc_1.png>
Package pdftex.def Info: Z:/ML_models/DLDMD-newest/examples/van_der_pol/div_plot_linear_enc_1.png  used on input line 1028.
(pdftex.def)             Requested size: 225.84375pt x 112.9216pt.
<Z:/ML_models/DLDMD-newest/examples/van_der_pol/div_plot_linear_enc_2.png, id=572, 722.7pt x 361.35pt>
File: Z:/ML_models/DLDMD-newest/examples/van_der_pol/div_plot_linear_enc_2.png Graphic file (type png)
<use Z:/ML_models/DLDMD-newest/examples/van_der_pol/div_plot_linear_enc_2.png>
Package pdftex.def Info: Z:/ML_models/DLDMD-newest/examples/van_der_pol/div_plot_linear_enc_2.png  used on input line 1029.
(pdftex.def)             Requested size: 225.84375pt x 112.9216pt.
<Z:/ML_models/DLDMD-newest/examples/van_der_pol/div_plot_linear_enc_out.png, id=573, 722.7pt x 361.35pt>
File: Z:/ML_models/DLDMD-newest/examples/van_der_pol/div_plot_linear_enc_out.png Graphic file (type png)
<use Z:/ML_models/DLDMD-newest/examples/van_der_pol/div_plot_linear_enc_out.png>
Package pdftex.def Info: Z:/ML_models/DLDMD-newest/examples/van_der_pol/div_plot_linear_enc_out.png  used on input line 1030.
(pdftex.def)             Requested size: 225.84375pt x 112.9216pt.
<Z:/ML_models/DLDMD-newest/examples/van_der_pol/div_plot_linear_dec_in.png, id=574, 722.7pt x 361.35pt>
File: Z:/ML_models/DLDMD-newest/examples/van_der_pol/div_plot_linear_dec_in.png Graphic file (type png)
<use Z:/ML_models/DLDMD-newest/examples/van_der_pol/div_plot_linear_dec_in.png>
Package pdftex.def Info: Z:/ML_models/DLDMD-newest/examples/van_der_pol/div_plot_linear_dec_in.png  used on input line 1033.
(pdftex.def)             Requested size: 225.84375pt x 112.9216pt.
<Z:/ML_models/DLDMD-newest/examples/van_der_pol/div_plot_linear_dec_0.png, id=575, 722.7pt x 361.35pt>
File: Z:/ML_models/DLDMD-newest/examples/van_der_pol/div_plot_linear_dec_0.png Graphic file (type png)
<use Z:/ML_models/DLDMD-newest/examples/van_der_pol/div_plot_linear_dec_0.png>
Package pdftex.def Info: Z:/ML_models/DLDMD-newest/examples/van_der_pol/div_plot_linear_dec_0.png  used on input line 1034.
(pdftex.def)             Requested size: 225.84375pt x 112.9216pt.
<Z:/ML_models/DLDMD-newest/examples/van_der_pol/div_plot_linear_dec_1.png, id=576, 722.7pt x 361.35pt>
File: Z:/ML_models/DLDMD-newest/examples/van_der_pol/div_plot_linear_dec_1.png Graphic file (type png)
<use Z:/ML_models/DLDMD-newest/examples/van_der_pol/div_plot_linear_dec_1.png>
Package pdftex.def Info: Z:/ML_models/DLDMD-newest/examples/van_der_pol/div_plot_linear_dec_1.png  used on input line 1035.
(pdftex.def)             Requested size: 225.84375pt x 112.9216pt.
<Z:/ML_models/DLDMD-newest/examples/van_der_pol/div_plot_linear_dec_2.png, id=577, 722.7pt x 361.35pt>
File: Z:/ML_models/DLDMD-newest/examples/van_der_pol/div_plot_linear_dec_2.png Graphic file (type png)
<use Z:/ML_models/DLDMD-newest/examples/van_der_pol/div_plot_linear_dec_2.png>
Package pdftex.def Info: Z:/ML_models/DLDMD-newest/examples/van_der_pol/div_plot_linear_dec_2.png  used on input line 1036.
(pdftex.def)             Requested size: 225.84375pt x 112.9216pt.
<Z:/ML_models/DLDMD-newest/examples/van_der_pol/div_plot_linear_dec_out.png, id=578, 722.7pt x 361.35pt>
File: Z:/ML_models/DLDMD-newest/examples/van_der_pol/div_plot_linear_dec_out.png Graphic file (type png)
<use Z:/ML_models/DLDMD-newest/examples/van_der_pol/div_plot_linear_dec_out.png>
Package pdftex.def Info: Z:/ML_models/DLDMD-newest/examples/van_der_pol/div_plot_linear_dec_out.png  used on input line 1037.
(pdftex.def)             Requested size: 225.84375pt x 112.9216pt.
<Z:/ML_models/DLDMD-newest/examples/van_der_pol/trajectories_00.png, id=579, 722.7pt x 361.35pt>
File: Z:/ML_models/DLDMD-newest/examples/van_der_pol/trajectories_00.png Graphic file (type png)
<use Z:/ML_models/DLDMD-newest/examples/van_der_pol/trajectories_00.png>
Package pdftex.def Info: Z:/ML_models/DLDMD-newest/examples/van_der_pol/trajectories_00.png  used on input line 1046.
(pdftex.def)             Requested size: 225.84375pt x 112.9216pt.
<Z:/ML_models/DLDMD-newest/examples/van_der_pol/trajectories_03.png, id=580, 722.7pt x 361.35pt>
File: Z:/ML_models/DLDMD-newest/examples/van_der_pol/trajectories_03.png Graphic file (type png)
<use Z:/ML_models/DLDMD-newest/examples/van_der_pol/trajectories_03.png>
Package pdftex.def Info: Z:/ML_models/DLDMD-newest/examples/van_der_pol/trajectories_03.png  used on input line 1047.
(pdftex.def)             Requested size: 225.84375pt x 112.9216pt.
<Z:/ML_models/DLDMD-newest/examples/van_der_pol/trajectories_05.png, id=581, 722.7pt x 361.35pt>
File: Z:/ML_models/DLDMD-newest/examples/van_der_pol/trajectories_05.png Graphic file (type png)
<use Z:/ML_models/DLDMD-newest/examples/van_der_pol/trajectories_05.png>
Package pdftex.def Info: Z:/ML_models/DLDMD-newest/examples/van_der_pol/trajectories_05.png  used on input line 1048.
(pdftex.def)             Requested size: 225.84375pt x 112.9216pt.
<Z:/ML_models/DLDMD-newest/examples/van_der_pol/trajectories_07.png, id=582, 722.7pt x 361.35pt>
File: Z:/ML_models/DLDMD-newest/examples/van_der_pol/trajectories_07.png Graphic file (type png)
<use Z:/ML_models/DLDMD-newest/examples/van_der_pol/trajectories_07.png>
Package pdftex.def Info: Z:/ML_models/DLDMD-newest/examples/van_der_pol/trajectories_07.png  used on input line 1049.
(pdftex.def)             Requested size: 225.84375pt x 112.9216pt.
<Z:/ML_models/DLDMD-newest/examples/van_der_pol/trajectories_09.png, id=583, 722.7pt x 361.35pt>
File: Z:/ML_models/DLDMD-newest/examples/van_der_pol/trajectories_09.png Graphic file (type png)
<use Z:/ML_models/DLDMD-newest/examples/van_der_pol/trajectories_09.png>
Package pdftex.def Info: Z:/ML_models/DLDMD-newest/examples/van_der_pol/trajectories_09.png  used on input line 1050.
(pdftex.def)             Requested size: 225.84375pt x 112.9216pt.
<Z:/ML_models/DLDMD-newest/examples/van_der_pol/trajectories_02.png, id=584, 722.7pt x 361.35pt>
File: Z:/ML_models/DLDMD-newest/examples/van_der_pol/trajectories_02.png Graphic file (type png)
<use Z:/ML_models/DLDMD-newest/examples/van_der_pol/trajectories_02.png>
Package pdftex.def Info: Z:/ML_models/DLDMD-newest/examples/van_der_pol/trajectories_02.png  used on input line 1053.
(pdftex.def)             Requested size: 225.84375pt x 112.9216pt.
<Z:/ML_models/DLDMD-newest/examples/van_der_pol/trajectories_04.png, id=585, 722.7pt x 361.35pt>
File: Z:/ML_models/DLDMD-newest/examples/van_der_pol/trajectories_04.png Graphic file (type png)
<use Z:/ML_models/DLDMD-newest/examples/van_der_pol/trajectories_04.png>
Package pdftex.def Info: Z:/ML_models/DLDMD-newest/examples/van_der_pol/trajectories_04.png  used on input line 1054.
(pdftex.def)             Requested size: 225.84375pt x 112.9216pt.
<Z:/ML_models/DLDMD-newest/examples/van_der_pol/trajectories_06.png, id=586, 722.7pt x 361.35pt>
File: Z:/ML_models/DLDMD-newest/examples/van_der_pol/trajectories_06.png Graphic file (type png)
<use Z:/ML_models/DLDMD-newest/examples/van_der_pol/trajectories_06.png>
Package pdftex.def Info: Z:/ML_models/DLDMD-newest/examples/van_der_pol/trajectories_06.png  used on input line 1055.
(pdftex.def)             Requested size: 225.84375pt x 112.9216pt.
<Z:/ML_models/DLDMD-newest/examples/van_der_pol/trajectories_08.png, id=587, 722.7pt x 361.35pt>
File: Z:/ML_models/DLDMD-newest/examples/van_der_pol/trajectories_08.png Graphic file (type png)
<use Z:/ML_models/DLDMD-newest/examples/van_der_pol/trajectories_08.png>
Package pdftex.def Info: Z:/ML_models/DLDMD-newest/examples/van_der_pol/trajectories_08.png  used on input line 1056.
(pdftex.def)             Requested size: 225.84375pt x 112.9216pt.
<Z:/ML_models/DLDMD-newest/examples/van_der_pol/trajectories_10.png, id=588, 722.7pt x 361.35pt>
File: Z:/ML_models/DLDMD-newest/examples/van_der_pol/trajectories_10.png Graphic file (type png)
<use Z:/ML_models/DLDMD-newest/examples/van_der_pol/trajectories_10.png>
Package pdftex.def Info: Z:/ML_models/DLDMD-newest/examples/van_der_pol/trajectories_10.png  used on input line 1057.
(pdftex.def)             Requested size: 225.84375pt x 112.9216pt.
 [26 <./Figures/van_der_pol_phase_space.png>] [27 <Z:/ML_models/DLDMD-newest/examples/van_der_pol/slope_linear_fit.png> <Z:/ML_models/DLDMD-newest/examples/van_der_pol/loss_plots.png>] [28 <Z:/ML_models/DLDMD-newest/examples/van_der_pol/bandwidth_averages_plot.png>] [29 <Z:/ML_models/DLDMD-newest/examples/van_der_pol/slope_linear_fit_enc_in.png> <Z:/ML_models/DLDMD-newest/examples/van_der_pol/slope_linear_fit_enc_0.png> <Z:/ML_models/DLDMD-newest/examples/van_der_pol/slope_linear_fit_enc_1.png> <Z:/ML_models/DLDMD-newest/examples/van_der_pol/slope_linear_fit_enc_2.png> <Z:/ML_models/DLDMD-newest/examples/van_der_pol/slope_linear_fit_enc_out.png> <Z:/ML_models/DLDMD-newest/examples/van_der_pol/slope_linear_fit_dec_in.png> <Z:/ML_models/DLDMD-newest/examples/van_der_pol/slope_linear_fit_dec_0.png> <Z:/ML_models/DLDMD-newest/examples/van_der_pol/slope_linear_fit_dec_1.png> <Z:/ML_models/DLDMD-newest/examples/van_der_pol/slope_linear_fit_dec_2.png> <Z:/ML_models/DLDMD-newest/examples/van_der_pol/slope_linear_fit_dec_out.png>] [30 <Z:/ML_models/DLDMD-newest/examples/van_der_pol/div_plot_linear_enc_in.png> <Z:/ML_models/DLDMD-newest/examples/van_der_pol/div_plot_linear_enc_0.png> <Z:/ML_models/DLDMD-newest/examples/van_der_pol/div_plot_linear_enc_1.png> <Z:/ML_models/DLDMD-newest/examples/van_der_pol/div_plot_linear_enc_2.png> <Z:/ML_models/DLDMD-newest/examples/van_der_pol/div_plot_linear_enc_out.png> <Z:/ML_models/DLDMD-newest/examples/van_der_pol/div_plot_linear_dec_in.png> <Z:/ML_models/DLDMD-newest/examples/van_der_pol/div_plot_linear_dec_0.png> <Z:/ML_models/DLDMD-newest/examples/van_der_pol/div_plot_linear_dec_1.png> <Z:/ML_models/DLDMD-newest/examples/van_der_pol/div_plot_linear_dec_2.png> <Z:/ML_models/DLDMD-newest/examples/van_der_pol/div_plot_linear_dec_out.png>] [31 <Z:/ML_models/DLDMD-newest/examples/van_der_pol/trajectories_00.png> <Z:/ML_models/DLDMD-newest/examples/van_der_pol/trajectories_03.png> <Z:/ML_models/DLDMD-newest/examples/van_der_pol/trajectories_05.png> <Z:/ML_models/DLDMD-newest/examples/van_der_pol/trajectories_07.png> <Z:/ML_models/DLDMD-newest/examples/van_der_pol/trajectories_09.png> <Z:/ML_models/DLDMD-newest/examples/van_der_pol/trajectories_02.png> <Z:/ML_models/DLDMD-newest/examples/van_der_pol/trajectories_04.png> <Z:/ML_models/DLDMD-newest/examples/van_der_pol/trajectories_06.png> <Z:/ML_models/DLDMD-newest/examples/van_der_pol/trajectories_08.png> <Z:/ML_models/DLDMD-newest/examples/van_der_pol/trajectories_10.png>]
CHAPTER 4.
 Section 4.1.
[32

]
 Section 4.2.
 Section 4.3.
[33]
 Section 4.4.
 Section 4.5.
) (thesis.bbl [34] [35] [36

] [37])

Package glossaries Warning: No \printglossary or \printglossaries found. 
(Remove \makeglossaries if you don't want any glossaries.) 
This document will not have a glossary.

(thesis.aux)

LaTeX Font Warning: Some font shapes were not available, defaults substituted.

Package rerunfilecheck Info: File `thesis.out' has not changed.
(rerunfilecheck)             Checksum: 776139554F573EE41D3D3AD19F104AB5;3914.
 ) 
Here is how much of TeX's memory you used:
 18495 strings out of 478582
 334653 string characters out of 2844345
 650969 words of memory out of 3000000
 36186 multiletter control sequences out of 15000+600000
 478670 words of font info for 62 fonts, out of 8000000 for 9000
 1141 hyphenation exceptions out of 8191
 91i,19n,91p,1224b,479s stack positions out of 10000i,1000n,20000p,200000b,80000s
{C:/Users/josep/AppData/Local/Programs/MiKTeX/fonts/enc/dvips/cm-super/cm-super-ts1.enc}<C:/Users/josep/AppData/Local/Programs/MiKTeX/fonts/type1/public/amsfonts/cm/cmbx12.pfb><C:/Users/josep/AppData/Local/Programs/MiKTeX/fonts/type1/public/amsfonts/cm/cmcsc10.pfb><C:/Users/josep/AppData/Local/Programs/MiKTeX/fonts/type1/public/amsfonts/cm/cmex10.pfb><C:/Users/josep/AppData/Local/Programs/MiKTeX/fonts/type1/public/amsfonts/cm/cmmi12.pfb><C:/Users/josep/AppData/Local/Programs/MiKTeX/fonts/type1/public/amsfonts/cm/cmmi6.pfb><C:/Users/josep/AppData/Local/Programs/MiKTeX/fonts/type1/public/amsfonts/cm/cmmi8.pfb><C:/Users/josep/AppData/Local/Programs/MiKTeX/fonts/type1/public/amsfonts/cm/cmmib10.pfb><C:/Users/josep/AppData/Local/Programs/MiKTeX/fonts/type1/public/amsfonts/cm/cmr12.pfb><C:/Users/josep/AppData/Local/Programs/MiKTeX/fonts/type1/public/amsfonts/cm/cmr6.pfb><C:/Users/josep/AppData/Local/Programs/MiKTeX/fonts/type1/public/amsfonts/cm/cmr8.pfb><C:/Users/josep/AppData/Local/Programs/MiKTeX/fonts/type1/public/amsfonts/cm/cmsy10.pfb><C:/Users/josep/AppData/Local/Programs/MiKTeX/fonts/type1/public/amsfonts/cm/cmsy8.pfb><C:/Users/josep/AppData/Local/Programs/MiKTeX/fonts/type1/public/amsfonts/cm/cmti12.pfb><C:/Users/josep/AppData/Local/Programs/MiKTeX/fonts/type1/public/amsfonts/symbols/msbm10.pfb><C:/Users/josep/AppData/Local/Programs/MiKTeX/fonts/type1/public/cm-super/sfrm1200.pfb>
Output written on thesis.pdf (46 pages, 7527563 bytes).
PDF statistics:
 781 PDF objects out of 1000 (max. 8388607)
 157 named destinations out of 1000 (max. 500000)
 571 words of extra memory for PDF output out of 10000 (max. 10000000)

