\BOOKMARK [0][-]{Doc-Start}{\376\377\000A\000B\000S\000T\000R\000A\000C\000T}{}% 1
\BOOKMARK [0][-]{Doc-Start}{\376\377\000L\000I\000S\000T\000\040\000O\000F\000\040\000T\000A\000B\000L\000E\000S}{}% 2
\BOOKMARK [0][-]{Doc-Start}{\376\377\000L\000I\000S\000T\000\040\000O\000F\000\040\000F\000I\000G\000U\000R\000E\000S}{}% 3
\BOOKMARK [0][-]{Doc-Start}{\376\377\000C\000H\000A\000P\000T\000E\000R}{}% 4
\BOOKMARK [0][-]{chapter.1}{\376\377\000I\000N\000T\000R\000O\000D\000U\000C\000T\000I\000O\000N}{}% 5
\BOOKMARK [1][-]{section.1.1}{\376\377\000W\000h\000a\000t\000\040\000i\000s\000\040\000E\000-\000D\000M\000D\000?}{chapter.1}% 6
\BOOKMARK [1][-]{section.1.2}{\376\377\000W\000h\000a\000t\000\040\000a\000r\000e\000\040\000N\000e\000u\000r\000a\000l\000\040\000N\000e\000t\000w\000o\000r\000k\000s\000?}{chapter.1}% 7
\BOOKMARK [1][-]{section.1.3}{\376\377\000D\000L\000D\000M\000D\000\040\000a\000n\000d\000\040\000i\000t\000'\000s\000\040\000l\000i\000m\000i\000t\000a\000t\000i\000o\000n\000s}{chapter.1}% 8
\BOOKMARK [1][-]{section.1.4}{\376\377\000S\000t\000a\000t\000e\000m\000e\000n\000t\000\040\000o\000f\000\040\000D\000i\000l\000e\000m\000m\000a}{chapter.1}% 9
\BOOKMARK [0][-]{chapter.2}{\376\377\000K\000U\000L\000L\000B\000A\000C\000K\000-\000L\000E\000I\000B\000L\000E\000R\000\040\000D\000I\000V\000E\000R\000G\000E\000N\000C\000E}{}% 10
\BOOKMARK [1][-]{section.2.1}{\376\377\000B\000a\000s\000i\000c\000\040\000D\000e\000f\000i\000n\000i\000t\000i\000o\000n\000s}{chapter.2}% 11
\BOOKMARK [1][-]{section.2.2}{\376\377\000H\000o\000w\000\040\000t\000o\000\040\000b\000u\000i\000l\000d\000\040\000d\000i\000s\000t\000r\000i\000b\000u\000t\000i\000o\000n\000s\000\040\000\050\000N\000o\000n\000-\000p\000a\000r\000a\000m\000e\000t\000r\000i\000c\000\040\000s\000t\000a\000t\000i\000s\000t\000i\000c\000s\000\051}{chapter.2}% 12
\BOOKMARK [1][-]{section.2.3}{\376\377\000M\000e\000a\000s\000u\000r\000i\000n\000g\000\040\000e\000n\000t\000r\000o\000p\000y\000\040\000f\000l\000o\000w}{chapter.2}% 13
\BOOKMARK [1][-]{section.2.4}{\376\377\000I\000m\000p\000l\000e\000m\000e\000n\000t\000a\000t\000i\000o\000n\000\040\000D\000e\000t\000a\000i\000l\000s}{chapter.2}% 14
\BOOKMARK [0][-]{chapter.3}{\376\377\000R\000E\000S\000U\000L\000T\000S}{}% 15
\BOOKMARK [1][-]{section.3.1}{\376\377\000T\000h\000e\000\040\000D\000u\000f\000f\000i\000n\000g\000\040\000O\000s\000c\000i\000l\000l\000a\000t\000o\000r}{chapter.3}% 16
\BOOKMARK [1][-]{section.3.2}{\376\377\000T\000h\000e\000\040\000V\000a\000n\000\040\000d\000e\000r\000\040\000P\000o\000l\000\040\000O\000s\000c\000i\000l\000l\000a\000t\000o\000r}{chapter.3}% 17
\BOOKMARK [0][-]{chapter.4}{\376\377\000D\000I\000S\000C\000U\000S\000S\000I\000O\000N}{}% 18
\BOOKMARK [1][-]{section.4.1}{\376\377\000T\000h\000e\000\040\000G\000o\000o\000d}{chapter.4}% 19
\BOOKMARK [1][-]{section.4.2}{\376\377\000O\000p\000t\000i\000m\000a\000l\000\040\000P\000a\000r\000a\000m\000e\000t\000e\000r\000s}{chapter.4}% 20
\BOOKMARK [1][-]{section.4.3}{\376\377\000N\000o\000n\000-\000u\000n\000i\000t\000a\000r\000y\000\040\000d\000e\000n\000s\000i\000t\000i\000e\000s}{chapter.4}% 21
\BOOKMARK [1][-]{section.4.4}{\376\377\000S\000t\000a\000t\000i\000s\000t\000i\000c\000a\000l\000\040\000i\000s\000s\000u\000e\000s\000\040\000w\000i\000t\000h\000\040\000e\000d\000g\000e\000\040\000l\000a\000y\000e\000r\000s}{chapter.4}% 22
\BOOKMARK [1][-]{section.4.5}{\376\377\000F\000u\000t\000u\000r\000e\000\040\000w\000o\000r\000k}{chapter.4}% 23
\BOOKMARK [0][-]{section.4.5}{\376\377\000B\000I\000B\000L\000I\000O\000G\000R\000A\000P\000H\000Y}{}% 24
