This is pdfTeX, Version 3.141592653-2.6-1.40.24 (MiKTeX 22.3) (preloaded format=pdflatex 2022.5.3)  30 JUL 2022 12:49
entering extended mode
 restricted \write18 enabled.
 file:line:error style messages enabled.
 %&-line parsing enabled.
**"c:/Users/josep/Documents/School Work/Research/Curtis/Machine_Learning/sdsu-thesis-latex_2019-07-23/Example/Slides/thesis_defense.tex"
(c:/Users/josep/Documents/School Work/Research/Curtis/Machine_Learning/sdsu-thesis-latex_2019-07-23/Example/Slides/thesis_defense.tex
LaTeX2e <2021-11-15> patch level 1
L3 programming layer <2022-02-24> (C:\Users\josep\AppData\Local\Programs\MiKTeX\tex/latex/beamer\beamer.cls
Document Class: beamer 2022/05/17 v3.67 A class for typesetting presentations
(C:\Users\josep\AppData\Local\Programs\MiKTeX\tex/latex/beamer\beamerbasemodes.sty (C:\Users\josep\AppData\Local\Programs\MiKTeX\tex/latex/etoolbox\etoolbox.sty
Package: etoolbox 2020/10/05 v2.5k e-TeX tools for LaTeX (JAW)
\etb@tempcnta=\count185
)
\beamer@tempbox=\box50
\beamer@tempcount=\count186
\c@beamerpauses=\count187
 (C:\Users\josep\AppData\Local\Programs\MiKTeX\tex/latex/beamer\beamerbasedecode.sty
\beamer@slideinframe=\count188
\beamer@minimum=\count189
\beamer@decode@box=\box51
)
\beamer@commentbox=\box52
\beamer@modecount=\count190
) (C:\Users\josep\AppData\Local\Programs\MiKTeX\tex/generic/iftex\iftex.sty
Package: iftex 2022/02/03 v1.0f TeX engine tests
)
\headdp=\dimen138
\footheight=\dimen139
\sidebarheight=\dimen140
\beamer@tempdim=\dimen141
\beamer@finalheight=\dimen142
\beamer@animht=\dimen143
\beamer@animdp=\dimen144
\beamer@animwd=\dimen145
\beamer@leftmargin=\dimen146
\beamer@rightmargin=\dimen147
\beamer@leftsidebar=\dimen148
\beamer@rightsidebar=\dimen149
\beamer@boxsize=\dimen150
\beamer@vboxoffset=\dimen151
\beamer@descdefault=\dimen152
\beamer@descriptionwidth=\dimen153
\beamer@lastskip=\skip47
\beamer@areabox=\box53
\beamer@animcurrent=\box54
\beamer@animshowbox=\box55
\beamer@sectionbox=\box56
\beamer@logobox=\box57
\beamer@linebox=\box58
\beamer@sectioncount=\count191
\beamer@subsubsectionmax=\count192
\beamer@subsectionmax=\count193
\beamer@sectionmax=\count194
\beamer@totalheads=\count195
\beamer@headcounter=\count196
\beamer@partstartpage=\count197
\beamer@sectionstartpage=\count198
\beamer@subsectionstartpage=\count199
\beamer@animationtempa=\count266
\beamer@animationtempb=\count267
\beamer@xpos=\count268
\beamer@ypos=\count269
\beamer@ypos@offset=\count270
\beamer@showpartnumber=\count271
\beamer@currentsubsection=\count272
\beamer@coveringdepth=\count273
\beamer@sectionadjust=\count274
\beamer@toclastsection=\count275
\beamer@tocsectionnumber=\count276
 (C:\Users\josep\AppData\Local\Programs\MiKTeX\tex/latex/beamer\beamerbaseoptions.sty (C:\Users\josep\AppData\Local\Programs\MiKTeX\tex/latex/graphics\keyval.sty
Package: keyval 2014/10/28 v1.15 key=value parser (DPC)
\KV@toks@=\toks16
))
\beamer@paperwidth=\skip48
\beamer@paperheight=\skip49
 (C:\Users\josep\AppData\Local\Programs\MiKTeX\tex/latex/geometry\geometry.sty
Package: geometry 2020/01/02 v5.9 Page Geometry
 (C:\Users\josep\AppData\Local\Programs\MiKTeX\tex/generic/iftex\ifvtex.sty
Package: ifvtex 2019/10/25 v1.7 ifvtex legacy package. Use iftex instead.
)
\Gm@cnth=\count277
\Gm@cntv=\count278
\c@Gm@tempcnt=\count279
\Gm@bindingoffset=\dimen154
\Gm@wd@mp=\dimen155
\Gm@odd@mp=\dimen156
\Gm@even@mp=\dimen157
\Gm@layoutwidth=\dimen158
\Gm@layoutheight=\dimen159
\Gm@layouthoffset=\dimen160
\Gm@layoutvoffset=\dimen161
\Gm@dimlist=\toks17
 (C:\Users\josep\AppData\Local\Programs\MiKTeX\tex/latex/geometry\geometry.cfg)) (C:\Users\josep\AppData\Local\Programs\MiKTeX\tex/latex/pgf/math\pgfmath.sty (C:\Users\josep\AppData\Local\Programs\MiKTeX\tex/latex/pgf/utilities\pgfrcs.sty (C:\Users\josep\AppData\Local\Programs\MiKTeX\tex/generic/pgf/utilities\pgfutil-common.tex
\pgfutil@everybye=\toks18
\pgfutil@tempdima=\dimen162
\pgfutil@tempdimb=\dimen163
 (C:\Users\josep\AppData\Local\Programs\MiKTeX\tex/generic/pgf/utilities\pgfutil-common-lists.tex)) (C:\Users\josep\AppData\Local\Programs\MiKTeX\tex/generic/pgf/utilities\pgfutil-latex.def
\pgfutil@abb=\box59
) (C:\Users\josep\AppData\Local\Programs\MiKTeX\tex/generic/pgf/utilities\pgfrcs.code.tex (C:\Users\josep\AppData\Local\Programs\MiKTeX\tex/generic/pgf\pgf.revision.tex)
Package: pgfrcs 2021/05/15 v3.1.9a (3.1.9a)
)) (C:\Users\josep\AppData\Local\Programs\MiKTeX\tex/latex/pgf/utilities\pgfkeys.sty (C:\Users\josep\AppData\Local\Programs\MiKTeX\tex/generic/pgf/utilities\pgfkeys.code.tex
\pgfkeys@pathtoks=\toks19
\pgfkeys@temptoks=\toks20
 (C:\Users\josep\AppData\Local\Programs\MiKTeX\tex/generic/pgf/utilities\pgfkeysfiltered.code.tex
\pgfkeys@tmptoks=\toks21
))) (C:\Users\josep\AppData\Local\Programs\MiKTeX\tex/generic/pgf/math\pgfmath.code.tex (C:\Users\josep\AppData\Local\Programs\MiKTeX\tex/generic/pgf/math\pgfmathcalc.code.tex (C:\Users\josep\AppData\Local\Programs\MiKTeX\tex/generic/pgf/math\pgfmathutil.code.tex
\pgf@x=\dimen164
\pgf@xa=\dimen165
\pgf@xb=\dimen166
\pgf@xc=\dimen167
\pgf@y=\dimen168
\pgf@ya=\dimen169
\pgf@yb=\dimen170
\pgf@yc=\dimen171
\c@pgf@counta=\count280
\c@pgf@countb=\count281
\c@pgf@countc=\count282
\c@pgf@countd=\count283
) (C:\Users\josep\AppData\Local\Programs\MiKTeX\tex/generic/pgf/math\pgfmathparser.code.tex
\pgfmath@dimen=\dimen172
\pgfmath@count=\count284
\pgfmath@box=\box60
\pgfmath@toks=\toks22
\pgfmath@stack@operand=\toks23
\pgfmath@stack@operation=\toks24
) (C:\Users\josep\AppData\Local\Programs\MiKTeX\tex/generic/pgf/math\pgfmathfunctions.code.tex (C:\Users\josep\AppData\Local\Programs\MiKTeX\tex/generic/pgf/math\pgfmathfunctions.basic.code.tex) (C:\Users\josep\AppData\Local\Programs\MiKTeX\tex/generic/pgf/math\pgfmathfunctions.trigonometric.code.tex) (C:\Users\josep\AppData\Local\Programs\MiKTeX\tex/generic/pgf/math\pgfmathfunctions.random.code.tex) (C:\Users\josep\AppData\Local\Programs\MiKTeX\tex/generic/pgf/math\pgfmathfunctions.comparison.code.tex) (C:\Users\josep\AppData\Local\Programs\MiKTeX\tex/generic/pgf/math\pgfmathfunctions.base.code.tex) (C:\Users\josep\AppData\Local\Programs\MiKTeX\tex/generic/pgf/math\pgfmathfunctions.round.code.tex) (C:\Users\josep\AppData\Local\Programs\MiKTeX\tex/generic/pgf/math\pgfmathfunctions.misc.code.tex) (C:\Users\josep\AppData\Local\Programs\MiKTeX\tex/generic/pgf/math\pgfmathfunctions.integerarithmetics.code.tex))) (C:\Users\josep\AppData\Local\Programs\MiKTeX\tex/generic/pgf/math\pgfmathfloat.code.tex
\c@pgfmathroundto@lastzeros=\count285
))) (C:\Users\josep\AppData\Local\Programs\MiKTeX\tex/latex/base\size11.clo
File: size11.clo 2021/10/04 v1.4n Standard LaTeX file (size option)
) (C:\Users\josep\AppData\Local\Programs\MiKTeX\tex/latex/pgf/basiclayer\pgfcore.sty (C:\Users\josep\AppData\Local\Programs\MiKTeX\tex/latex/graphics\graphicx.sty
Package: graphicx 2021/09/16 v1.2d Enhanced LaTeX Graphics (DPC,SPQR)
 (C:\Users\josep\AppData\Local\Programs\MiKTeX\tex/latex/graphics\graphics.sty
Package: graphics 2021/03/04 v1.4d Standard LaTeX Graphics (DPC,SPQR)
 (C:\Users\josep\AppData\Local\Programs\MiKTeX\tex/latex/graphics\trig.sty
Package: trig 2021/08/11 v1.11 sin cos tan (DPC)
) (C:\Users\josep\AppData\Local\Programs\MiKTeX\tex/latex/graphics-cfg\graphics.cfg
File: graphics.cfg 2016/06/04 v1.11 sample graphics configuration
)
Package graphics Info: Driver file: pdftex.def on input line 107.
 (C:\Users\josep\AppData\Local\Programs\MiKTeX\tex/latex/graphics-def\pdftex.def
File: pdftex.def 2020/10/05 v1.2a Graphics/color driver for pdftex
))
\Gin@req@height=\dimen173
\Gin@req@width=\dimen174
) (C:\Users\josep\AppData\Local\Programs\MiKTeX\tex/latex/pgf/systemlayer\pgfsys.sty (C:\Users\josep\AppData\Local\Programs\MiKTeX\tex/generic/pgf/systemlayer\pgfsys.code.tex
Package: pgfsys 2021/05/15 v3.1.9a (3.1.9a)
 (C:\Users\josep\AppData\Local\Programs\MiKTeX\tex/generic/pgf/utilities\pgfkeys.code.tex)
\pgf@x=\dimen175
\pgf@y=\dimen176
\pgf@xa=\dimen177
\pgf@ya=\dimen178
\pgf@xb=\dimen179
\pgf@yb=\dimen180
\pgf@xc=\dimen181
\pgf@yc=\dimen182
\pgf@xd=\dimen183
\pgf@yd=\dimen184
\w@pgf@writea=\write3
\r@pgf@reada=\read2
\c@pgf@counta=\count286
\c@pgf@countb=\count287
\c@pgf@countc=\count288
\c@pgf@countd=\count289
\t@pgf@toka=\toks25
\t@pgf@tokb=\toks26
\t@pgf@tokc=\toks27
\pgf@sys@id@count=\count290
 (C:\Users\josep\AppData\Local\Programs\MiKTeX\tex/generic/pgf/systemlayer\pgf.cfg
File: pgf.cfg 2021/05/15 v3.1.9a (3.1.9a)
)
Driver file for pgf: pgfsys-pdftex.def
 (C:\Users\josep\AppData\Local\Programs\MiKTeX\tex/generic/pgf/systemlayer\pgfsys-pdftex.def
File: pgfsys-pdftex.def 2021/05/15 v3.1.9a (3.1.9a)
 (C:\Users\josep\AppData\Local\Programs\MiKTeX\tex/generic/pgf/systemlayer\pgfsys-common-pdf.def
File: pgfsys-common-pdf.def 2021/05/15 v3.1.9a (3.1.9a)
))) (C:\Users\josep\AppData\Local\Programs\MiKTeX\tex/generic/pgf/systemlayer\pgfsyssoftpath.code.tex
File: pgfsyssoftpath.code.tex 2021/05/15 v3.1.9a (3.1.9a)
\pgfsyssoftpath@smallbuffer@items=\count291
\pgfsyssoftpath@bigbuffer@items=\count292
) (C:\Users\josep\AppData\Local\Programs\MiKTeX\tex/generic/pgf/systemlayer\pgfsysprotocol.code.tex
File: pgfsysprotocol.code.tex 2021/05/15 v3.1.9a (3.1.9a)
)) (C:\Users\josep\AppData\Local\Programs\MiKTeX\tex/latex/xcolor\xcolor.sty
Package: xcolor 2021/10/31 v2.13 LaTeX color extensions (UK)
 (C:\Users\josep\AppData\Local\Programs\MiKTeX\tex/latex/graphics-cfg\color.cfg
File: color.cfg 2016/01/02 v1.6 sample color configuration
)
Package xcolor Info: Driver file: pdftex.def on input line 227.
Package xcolor Info: Model `cmy' substituted by `cmy0' on input line 1352.
Package xcolor Info: Model `hsb' substituted by `rgb' on input line 1356.
Package xcolor Info: Model `RGB' extended on input line 1368.
Package xcolor Info: Model `HTML' substituted by `rgb' on input line 1370.
Package xcolor Info: Model `Hsb' substituted by `hsb' on input line 1371.
Package xcolor Info: Model `tHsb' substituted by `hsb' on input line 1372.
Package xcolor Info: Model `HSB' substituted by `hsb' on input line 1373.
Package xcolor Info: Model `Gray' substituted by `gray' on input line 1374.
Package xcolor Info: Model `wave' substituted by `hsb' on input line 1375.
) (C:\Users\josep\AppData\Local\Programs\MiKTeX\tex/generic/pgf/basiclayer\pgfcore.code.tex
Package: pgfcore 2021/05/15 v3.1.9a (3.1.9a)
 (C:\Users\josep\AppData\Local\Programs\MiKTeX\tex/generic/pgf/math\pgfmath.code.tex) (C:\Users\josep\AppData\Local\Programs\MiKTeX\tex/generic/pgf/math\pgfint.code.tex) (C:\Users\josep\AppData\Local\Programs\MiKTeX\tex/generic/pgf/basiclayer\pgfcorepoints.code.tex
File: pgfcorepoints.code.tex 2021/05/15 v3.1.9a (3.1.9a)
\pgf@picminx=\dimen185
\pgf@picmaxx=\dimen186
\pgf@picminy=\dimen187
\pgf@picmaxy=\dimen188
\pgf@pathminx=\dimen189
\pgf@pathmaxx=\dimen190
\pgf@pathminy=\dimen191
\pgf@pathmaxy=\dimen192
\pgf@xx=\dimen193
\pgf@xy=\dimen194
\pgf@yx=\dimen195
\pgf@yy=\dimen196
\pgf@zx=\dimen197
\pgf@zy=\dimen198
) (C:\Users\josep\AppData\Local\Programs\MiKTeX\tex/generic/pgf/basiclayer\pgfcorepathconstruct.code.tex
File: pgfcorepathconstruct.code.tex 2021/05/15 v3.1.9a (3.1.9a)
\pgf@path@lastx=\dimen199
\pgf@path@lasty=\dimen256
) (C:\Users\josep\AppData\Local\Programs\MiKTeX\tex/generic/pgf/basiclayer\pgfcorepathusage.code.tex
File: pgfcorepathusage.code.tex 2021/05/15 v3.1.9a (3.1.9a)
\pgf@shorten@end@additional=\dimen257
\pgf@shorten@start@additional=\dimen258
) (C:\Users\josep\AppData\Local\Programs\MiKTeX\tex/generic/pgf/basiclayer\pgfcorescopes.code.tex
File: pgfcorescopes.code.tex 2021/05/15 v3.1.9a (3.1.9a)
\pgfpic=\box61
\pgf@hbox=\box62
\pgf@layerbox@main=\box63
\pgf@picture@serial@count=\count293
) (C:\Users\josep\AppData\Local\Programs\MiKTeX\tex/generic/pgf/basiclayer\pgfcoregraphicstate.code.tex
File: pgfcoregraphicstate.code.tex 2021/05/15 v3.1.9a (3.1.9a)
\pgflinewidth=\dimen259
) (C:\Users\josep\AppData\Local\Programs\MiKTeX\tex/generic/pgf/basiclayer\pgfcoretransformations.code.tex
File: pgfcoretransformations.code.tex 2021/05/15 v3.1.9a (3.1.9a)
\pgf@pt@x=\dimen260
\pgf@pt@y=\dimen261
\pgf@pt@temp=\dimen262
) (C:\Users\josep\AppData\Local\Programs\MiKTeX\tex/generic/pgf/basiclayer\pgfcorequick.code.tex
File: pgfcorequick.code.tex 2021/05/15 v3.1.9a (3.1.9a)
) (C:\Users\josep\AppData\Local\Programs\MiKTeX\tex/generic/pgf/basiclayer\pgfcoreobjects.code.tex
File: pgfcoreobjects.code.tex 2021/05/15 v3.1.9a (3.1.9a)
) (C:\Users\josep\AppData\Local\Programs\MiKTeX\tex/generic/pgf/basiclayer\pgfcorepathprocessing.code.tex
File: pgfcorepathprocessing.code.tex 2021/05/15 v3.1.9a (3.1.9a)
) (C:\Users\josep\AppData\Local\Programs\MiKTeX\tex/generic/pgf/basiclayer\pgfcorearrows.code.tex
File: pgfcorearrows.code.tex 2021/05/15 v3.1.9a (3.1.9a)
\pgfarrowsep=\dimen263
) (C:\Users\josep\AppData\Local\Programs\MiKTeX\tex/generic/pgf/basiclayer\pgfcoreshade.code.tex
File: pgfcoreshade.code.tex 2021/05/15 v3.1.9a (3.1.9a)
\pgf@max=\dimen264
\pgf@sys@shading@range@num=\count294
\pgf@shadingcount=\count295
) (C:\Users\josep\AppData\Local\Programs\MiKTeX\tex/generic/pgf/basiclayer\pgfcoreimage.code.tex
File: pgfcoreimage.code.tex 2021/05/15 v3.1.9a (3.1.9a)
 (C:\Users\josep\AppData\Local\Programs\MiKTeX\tex/generic/pgf/basiclayer\pgfcoreexternal.code.tex
File: pgfcoreexternal.code.tex 2021/05/15 v3.1.9a (3.1.9a)
\pgfexternal@startupbox=\box64
)) (C:\Users\josep\AppData\Local\Programs\MiKTeX\tex/generic/pgf/basiclayer\pgfcorelayers.code.tex
File: pgfcorelayers.code.tex 2021/05/15 v3.1.9a (3.1.9a)
) (C:\Users\josep\AppData\Local\Programs\MiKTeX\tex/generic/pgf/basiclayer\pgfcoretransparency.code.tex
File: pgfcoretransparency.code.tex 2021/05/15 v3.1.9a (3.1.9a)
) (C:\Users\josep\AppData\Local\Programs\MiKTeX\tex/generic/pgf/basiclayer\pgfcorepatterns.code.tex
File: pgfcorepatterns.code.tex 2021/05/15 v3.1.9a (3.1.9a)
) (C:\Users\josep\AppData\Local\Programs\MiKTeX\tex/generic/pgf/basiclayer\pgfcorerdf.code.tex
File: pgfcorerdf.code.tex 2021/05/15 v3.1.9a (3.1.9a)
))) (C:\Users\josep\AppData\Local\Programs\MiKTeX\tex/latex/pgf/utilities\xxcolor.sty
Package: xxcolor 2003/10/24 ver 0.1
\XC@nummixins=\count296
\XC@countmixins=\count297
) (C:\Users\josep\AppData\Local\Programs\MiKTeX\tex/latex/base\atbegshi-ltx.sty
Package: atbegshi-ltx 2021/01/10 v1.0c Emulation of the original atbegshi
package with kernel methods
) (C:\Users\josep\AppData\Local\Programs\MiKTeX\tex/latex/hyperref\hyperref.sty
Package: hyperref 2022-02-21 v7.00n Hypertext links for LaTeX
 (C:\Users\josep\AppData\Local\Programs\MiKTeX\tex/generic/ltxcmds\ltxcmds.sty
Package: ltxcmds 2020-05-10 v1.25 LaTeX kernel commands for general use (HO)
) (C:\Users\josep\AppData\Local\Programs\MiKTeX\tex/generic/pdftexcmds\pdftexcmds.sty
Package: pdftexcmds 2020-06-27 v0.33 Utility functions of pdfTeX for LuaTeX (HO)
 (C:\Users\josep\AppData\Local\Programs\MiKTeX\tex/generic/infwarerr\infwarerr.sty
Package: infwarerr 2019/12/03 v1.5 Providing info/warning/error messages (HO)
)
Package pdftexcmds Info: \pdf@primitive is available.
Package pdftexcmds Info: \pdf@ifprimitive is available.
Package pdftexcmds Info: \pdfdraftmode found.
) (C:\Users\josep\AppData\Local\Programs\MiKTeX\tex/generic/kvsetkeys\kvsetkeys.sty
Package: kvsetkeys 2019/12/15 v1.18 Key value parser (HO)
) (C:\Users\josep\AppData\Local\Programs\MiKTeX\tex/generic/kvdefinekeys\kvdefinekeys.sty
Package: kvdefinekeys 2019-12-19 v1.6 Define keys (HO)
) (C:\Users\josep\AppData\Local\Programs\MiKTeX\tex/generic/pdfescape\pdfescape.sty
Package: pdfescape 2019/12/09 v1.15 Implements pdfTeX's escape features (HO)
) (C:\Users\josep\AppData\Local\Programs\MiKTeX\tex/latex/hycolor\hycolor.sty
Package: hycolor 2020-01-27 v1.10 Color options for hyperref/bookmark (HO)
) (C:\Users\josep\AppData\Local\Programs\MiKTeX\tex/latex/letltxmacro\letltxmacro.sty
Package: letltxmacro 2019/12/03 v1.6 Let assignment for LaTeX macros (HO)
) (C:\Users\josep\AppData\Local\Programs\MiKTeX\tex/latex/auxhook\auxhook.sty
Package: auxhook 2019-12-17 v1.6 Hooks for auxiliary files (HO)
) (C:\Users\josep\AppData\Local\Programs\MiKTeX\tex/latex/kvoptions\kvoptions.sty
Package: kvoptions 2022-06-15 v3.15 Key value format for package options (HO)
)
\@linkdim=\dimen265
\Hy@linkcounter=\count298
\Hy@pagecounter=\count299
 (C:\Users\josep\AppData\Local\Programs\MiKTeX\tex/latex/hyperref\pd1enc.def
File: pd1enc.def 2022-02-21 v7.00n Hyperref: PDFDocEncoding definition (HO)
Now handling font encoding PD1 ...
... no UTF-8 mapping file for font encoding PD1
) (C:\Users\josep\AppData\Local\Programs\MiKTeX\tex/generic/intcalc\intcalc.sty
Package: intcalc 2019/12/15 v1.3 Expandable calculations with integers (HO)
) (C:\Users\josep\AppData\Local\Programs\MiKTeX\tex/generic/etexcmds\etexcmds.sty
Package: etexcmds 2019/12/15 v1.7 Avoid name clashes with e-TeX commands (HO)
)
\Hy@SavedSpaceFactor=\count300
 (C:\Users\josep\AppData\Local\Programs\MiKTeX\tex/latex/hyperref\puenc.def
File: puenc.def 2022-02-21 v7.00n Hyperref: PDF Unicode definition (HO)
Now handling font encoding PU ...
... no UTF-8 mapping file for font encoding PU
)
Package hyperref Info: Option `bookmarks' set `true' on input line 4018.
Package hyperref Info: Option `bookmarksopen' set `true' on input line 4018.
Package hyperref Info: Option `implicit' set `false' on input line 4018.
Package hyperref Info: Hyper figures OFF on input line 4137.
Package hyperref Info: Link nesting OFF on input line 4142.
Package hyperref Info: Hyper index ON on input line 4145.
Package hyperref Info: Plain pages OFF on input line 4152.
Package hyperref Info: Backreferencing OFF on input line 4157.
Package hyperref Info: Implicit mode OFF; no redefinition of LaTeX internals.
Package hyperref Info: Bookmarks ON on input line 4390.
\c@Hy@tempcnt=\count301
 (C:\Users\josep\AppData\Local\Programs\MiKTeX\tex/latex/url\url.sty
\Urlmuskip=\muskip16
Package: url 2013/09/16  ver 3.4  Verb mode for urls, etc.
)
LaTeX Info: Redefining \url on input line 4749.
\XeTeXLinkMargin=\dimen266
 (C:\Users\josep\AppData\Local\Programs\MiKTeX\tex/generic/bitset\bitset.sty
Package: bitset 2019/12/09 v1.3 Handle bit-vector datatype (HO)
 (C:\Users\josep\AppData\Local\Programs\MiKTeX\tex/generic/bigintcalc\bigintcalc.sty
Package: bigintcalc 2019/12/15 v1.5 Expandable calculations on big integers (HO)
))
\Fld@menulength=\count302
\Field@Width=\dimen267
\Fld@charsize=\dimen268
Package hyperref Info: Hyper figures OFF on input line 6027.
Package hyperref Info: Link nesting OFF on input line 6032.
Package hyperref Info: Hyper index ON on input line 6035.
Package hyperref Info: backreferencing OFF on input line 6042.
Package hyperref Info: Link coloring OFF on input line 6047.
Package hyperref Info: Link coloring with OCG OFF on input line 6052.
Package hyperref Info: PDF/A mode OFF on input line 6057.
LaTeX Info: Redefining \ref on input line 6097.
LaTeX Info: Redefining \pageref on input line 6101.
\Hy@abspage=\count303


Package hyperref Message: Stopped early.

)
Package hyperref Info: Driver (autodetected): hpdftex.
 (C:\Users\josep\AppData\Local\Programs\MiKTeX\tex/latex/hyperref\hpdftex.def
File: hpdftex.def 2022-02-21 v7.00n Hyperref driver for pdfTeX
 (C:\Users\josep\AppData\Local\Programs\MiKTeX\tex/latex/base\atveryend-ltx.sty
Package: atveryend-ltx 2020/08/19 v1.0a Emulation of the original atveryend package
with kernel methods
)
\Fld@listcount=\count304
\c@bookmark@seq@number=\count305
 (C:\Users\josep\AppData\Local\Programs\MiKTeX\tex/latex/rerunfilecheck\rerunfilecheck.sty
Package: rerunfilecheck 2022-07-10 v1.10 Rerun checks for auxiliary files (HO)
 (C:\Users\josep\AppData\Local\Programs\MiKTeX\tex/generic/uniquecounter\uniquecounter.sty
Package: uniquecounter 2019/12/15 v1.4 Provide unlimited unique counter (HO)
)
Package uniquecounter Info: New unique counter `rerunfilecheck' on input line 285.
)) (C:\Users\josep\AppData\Local\Programs\MiKTeX\tex/latex/beamer\beamerbaserequires.sty (C:\Users\josep\AppData\Local\Programs\MiKTeX\tex/latex/beamer\beamerbasecompatibility.sty) (C:\Users\josep\AppData\Local\Programs\MiKTeX\tex/latex/beamer\beamerbasefont.sty (C:\Users\josep\AppData\Local\Programs\MiKTeX\tex/latex/amsfonts\amssymb.sty
Package: amssymb 2013/01/14 v3.01 AMS font symbols
 (C:\Users\josep\AppData\Local\Programs\MiKTeX\tex/latex/amsfonts\amsfonts.sty
Package: amsfonts 2013/01/14 v3.01 Basic AMSFonts support
\@emptytoks=\toks28
\symAMSa=\mathgroup4
\symAMSb=\mathgroup5
LaTeX Font Info:    Redeclaring math symbol \hbar on input line 98.
LaTeX Font Info:    Overwriting math alphabet `\mathfrak' in version `bold'
(Font)                  U/euf/m/n --> U/euf/b/n on input line 106.
)) (C:\Users\josep\AppData\Local\Programs\MiKTeX\tex/latex/sansmathaccent\sansmathaccent.sty
Package: sansmathaccent 2020/01/31
 (C:\Users\josep\AppData\Local\Programs\MiKTeX\tex/latex/koma-script\scrlfile.sty
Package: scrlfile 2022/07/04 v3.37 KOMA-Script package (file load hooks)
 (C:\Users\josep\AppData\Local\Programs\MiKTeX\tex/latex/koma-script\scrlfile-hook.sty
Package: scrlfile-hook 2022/07/04 v3.37 KOMA-Script package (using LaTeX hooks)
 (C:\Users\josep\AppData\Local\Programs\MiKTeX\tex/latex/koma-script\scrlogo.sty
Package: scrlogo 2022/07/04 v3.37 KOMA-Script package (logo)
))))) (C:\Users\josep\AppData\Local\Programs\MiKTeX\tex/latex/beamer\beamerbasetranslator.sty (C:\Users\josep\AppData\Local\Programs\MiKTeX\tex/latex/translator\translator.sty
Package: translator 2021-05-31 v1.12d Easy translation of strings in LaTeX
)) (C:\Users\josep\AppData\Local\Programs\MiKTeX\tex/latex/beamer\beamerbasemisc.sty) (C:\Users\josep\AppData\Local\Programs\MiKTeX\tex/latex/beamer\beamerbasetwoscreens.sty) (C:\Users\josep\AppData\Local\Programs\MiKTeX\tex/latex/beamer\beamerbaseoverlay.sty
\beamer@argscount=\count306
\beamer@lastskipcover=\skip50
\beamer@trivlistdepth=\count307
) (C:\Users\josep\AppData\Local\Programs\MiKTeX\tex/latex/beamer\beamerbasetitle.sty) (C:\Users\josep\AppData\Local\Programs\MiKTeX\tex/latex/beamer\beamerbasesection.sty
\c@lecture=\count308
\c@part=\count309
\c@section=\count310
\c@subsection=\count311
\c@subsubsection=\count312
) (C:\Users\josep\AppData\Local\Programs\MiKTeX\tex/latex/beamer\beamerbaseframe.sty
\beamer@framebox=\box65
\beamer@frametitlebox=\box66
\beamer@zoombox=\box67
\beamer@zoomcount=\count313
\beamer@zoomframecount=\count314
\beamer@frametextheight=\dimen269
\c@subsectionslide=\count315
\beamer@frametopskip=\skip51
\beamer@framebottomskip=\skip52
\beamer@frametopskipautobreak=\skip53
\beamer@framebottomskipautobreak=\skip54
\beamer@envbody=\toks29
\framewidth=\dimen270
\c@framenumber=\count316
) (C:\Users\josep\AppData\Local\Programs\MiKTeX\tex/latex/beamer\beamerbaseverbatim.sty
\beamer@verbatimfileout=\write4
) (C:\Users\josep\AppData\Local\Programs\MiKTeX\tex/latex/beamer\beamerbaseframesize.sty
\beamer@splitbox=\box68
\beamer@autobreakcount=\count317
\beamer@autobreaklastheight=\dimen271
\beamer@frametitletoks=\toks30
\beamer@framesubtitletoks=\toks31
) (C:\Users\josep\AppData\Local\Programs\MiKTeX\tex/latex/beamer\beamerbaseframecomponents.sty
\beamer@footins=\box69
) (C:\Users\josep\AppData\Local\Programs\MiKTeX\tex/latex/beamer\beamerbasecolor.sty) (C:\Users\josep\AppData\Local\Programs\MiKTeX\tex/latex/beamer\beamerbasenotes.sty
\beamer@frameboxcopy=\box70
) (C:\Users\josep\AppData\Local\Programs\MiKTeX\tex/latex/beamer\beamerbasetoc.sty) (C:\Users\josep\AppData\Local\Programs\MiKTeX\tex/latex/beamer\beamerbasetemplates.sty
\beamer@sbttoks=\toks32
 (C:\Users\josep\AppData\Local\Programs\MiKTeX\tex/latex/beamer\beamerbaseauxtemplates.sty (C:\Users\josep\AppData\Local\Programs\MiKTeX\tex/latex/beamer\beamerbaseboxes.sty
\bmb@box=\box71
\bmb@colorbox=\box72
\bmb@boxwidth=\dimen272
\bmb@boxheight=\dimen273
\bmb@prevheight=\dimen274
\bmb@temp=\dimen275
\bmb@dima=\dimen276
\bmb@dimb=\dimen277
\bmb@prevheight=\dimen278
)
\beamer@blockheadheight=\dimen279
)) (C:\Users\josep\AppData\Local\Programs\MiKTeX\tex/latex/beamer\beamerbaselocalstructure.sty (C:\Users\josep\AppData\Local\Programs\MiKTeX\tex/latex/tools\enumerate.sty
Package: enumerate 2015/07/23 v3.00 enumerate extensions (DPC)
\@enLab=\toks33
)
\beamer@bibiconwidth=\skip55
\c@figure=\count318
\c@table=\count319
\abovecaptionskip=\skip56
\belowcaptionskip=\skip57
) (C:\Users\josep\AppData\Local\Programs\MiKTeX\tex/latex/beamer\beamerbasenavigation.sty
\beamer@section@min@dim=\dimen280
) (C:\Users\josep\AppData\Local\Programs\MiKTeX\tex/latex/beamer\beamerbasetheorems.sty (C:\Users\josep\AppData\Local\Programs\MiKTeX\tex/latex/amsmath\amsmath.sty
Package: amsmath 2021/10/15 v2.17l AMS math features
\@mathmargin=\skip58

For additional information on amsmath, use the `?' option.
(C:\Users\josep\AppData\Local\Programs\MiKTeX\tex/latex/amsmath\amstext.sty
Package: amstext 2021/08/26 v2.01 AMS text
 (C:\Users\josep\AppData\Local\Programs\MiKTeX\tex/latex/amsmath\amsgen.sty
File: amsgen.sty 1999/11/30 v2.0 generic functions
\@emptytoks=\toks34
\ex@=\dimen281
)) (C:\Users\josep\AppData\Local\Programs\MiKTeX\tex/latex/amsmath\amsbsy.sty
Package: amsbsy 1999/11/29 v1.2d Bold Symbols
\pmbraise@=\dimen282
) (C:\Users\josep\AppData\Local\Programs\MiKTeX\tex/latex/amsmath\amsopn.sty
Package: amsopn 2021/08/26 v2.02 operator names
)
\inf@bad=\count320
LaTeX Info: Redefining \frac on input line 234.
\uproot@=\count321
\leftroot@=\count322
LaTeX Info: Redefining \overline on input line 399.
\classnum@=\count323
\DOTSCASE@=\count324
LaTeX Info: Redefining \ldots on input line 496.
LaTeX Info: Redefining \dots on input line 499.
LaTeX Info: Redefining \cdots on input line 620.
\Mathstrutbox@=\box73
\strutbox@=\box74
\big@size=\dimen283
LaTeX Font Info:    Redeclaring font encoding OML on input line 743.
LaTeX Font Info:    Redeclaring font encoding OMS on input line 744.
\macc@depth=\count325
\c@MaxMatrixCols=\count326
\dotsspace@=\muskip17
\c@parentequation=\count327
\dspbrk@lvl=\count328
\tag@help=\toks35
\row@=\count329
\column@=\count330
\maxfields@=\count331
\andhelp@=\toks36
\eqnshift@=\dimen284
\alignsep@=\dimen285
\tagshift@=\dimen286
\tagwidth@=\dimen287
\totwidth@=\dimen288
\lineht@=\dimen289
\@envbody=\toks37
\multlinegap=\skip59
\multlinetaggap=\skip60
\mathdisplay@stack=\toks38
LaTeX Info: Redefining \[ on input line 2938.
LaTeX Info: Redefining \] on input line 2939.
) (C:\Users\josep\AppData\Local\Programs\MiKTeX\tex/latex/amscls\amsthm.sty
Package: amsthm 2020/05/29 v2.20.6
\thm@style=\toks39
\thm@bodyfont=\toks40
\thm@headfont=\toks41
\thm@notefont=\toks42
\thm@headpunct=\toks43
\thm@preskip=\skip61
\thm@postskip=\skip62
\thm@headsep=\skip63
\dth@everypar=\toks44
)
\c@theorem=\count332
) (C:\Users\josep\AppData\Local\Programs\MiKTeX\tex/latex/beamer\beamerbasethemes.sty)) (C:\Users\josep\AppData\Local\Programs\MiKTeX\tex/latex/beamer\beamerthemedefault.sty (C:\Users\josep\AppData\Local\Programs\MiKTeX\tex/latex/beamer\beamerfontthemedefault.sty) (C:\Users\josep\AppData\Local\Programs\MiKTeX\tex/latex/beamer\beamercolorthemedefault.sty) (C:\Users\josep\AppData\Local\Programs\MiKTeX\tex/latex/beamer\beamerinnerthemedefault.sty
\beamer@dima=\dimen290
\beamer@dimb=\dimen291
) (C:\Users\josep\AppData\Local\Programs\MiKTeX\tex/latex/beamer\beamerouterthemedefault.sty))) (C:\Users\josep\AppData\Local\Programs\MiKTeX\tex/latex/beamer\beamerthemeCopenhagen.sty (C:\Users\josep\AppData\Local\Programs\MiKTeX\tex/latex/beamer\beamerouterthemesplit.sty) (C:\Users\josep\AppData\Local\Programs\MiKTeX\tex/latex/beamer\beamerinnerthemerounded.sty) (C:\Users\josep\AppData\Local\Programs\MiKTeX\tex/latex/beamer\beamercolorthemewhale.sty) (C:\Users\josep\AppData\Local\Programs\MiKTeX\tex/latex/beamer\beamercolorthemeorchid.sty))
\sympureletters=\mathgroup6
LaTeX Font Info:    Overwriting symbol font `pureletters' in version `bold'
(Font)                  OT1/mathkerncmss/m/sl --> OT1/mathkerncmss/bx/sl on input line 18.
 (C:\Users\josep\AppData\Local\Programs\MiKTeX\tex/latex/tools\bm.sty
Package: bm 2021/04/25 v1.2e Bold Symbol Support (DPC/FMi)
\symboldoperators=\mathgroup7
\symboldletters=\mathgroup8
\symboldsymbols=\mathgroup9
Package bm Info: No bold for \OMX/cmex/m/n, using \pmb.
Package bm Info: No bold for \U/msa/m/n, using \pmb.
Package bm Info: No bold for \U/msb/m/n, using \pmb.
\symboldpureletters=\mathgroup10
LaTeX Font Info:    Redeclaring math alphabet \mathbf on input line 149.
) (C:\Users\josep\AppData\Local\Programs\MiKTeX\tex/latex/psfrag\psfrag.sty
Package: psfrag 1998/04/11 v3.04 PSfrag (MCG)
\pfg@pcount=\count333
\pfg@scount=\count334
\pfg@temp=\write5
) (C:\Users\josep\AppData\Local\Programs\MiKTeX\tex/latex/listings\listings.sty
\lst@mode=\count335
\lst@gtempboxa=\box75
\lst@token=\toks45
\lst@length=\count336
\lst@currlwidth=\dimen292
\lst@column=\count337
\lst@pos=\count338
\lst@lostspace=\dimen293
\lst@width=\dimen294
\lst@newlines=\count339
\lst@lineno=\count340
\lst@maxwidth=\dimen295
 (C:\Users\josep\AppData\Local\Programs\MiKTeX\tex/latex/listings\lstmisc.sty
File: lstmisc.sty 2020/03/24 1.8d (Carsten Heinz)
\c@lstnumber=\count341
\lst@skipnumbers=\count342
\lst@framebox=\box76
) (C:\Users\josep\AppData\Local\Programs\MiKTeX\tex/latex/listings\listings.cfg
File: listings.cfg 2020/03/24 1.8d listings configuration
))
Package: listings 2020/03/24 1.8d (Carsten Heinz)
 (C:\Users\josep\AppData\Local\Programs\MiKTeX\tex/latex/pgf/frontendlayer\tikz.sty (C:\Users\josep\AppData\Local\Programs\MiKTeX\tex/latex/pgf/basiclayer\pgf.sty
Package: pgf 2021/05/15 v3.1.9a (3.1.9a)
 (C:\Users\josep\AppData\Local\Programs\MiKTeX\tex/generic/pgf/modules\pgfmoduleshapes.code.tex
File: pgfmoduleshapes.code.tex 2021/05/15 v3.1.9a (3.1.9a)
\pgfnodeparttextbox=\box77
) (C:\Users\josep\AppData\Local\Programs\MiKTeX\tex/generic/pgf/modules\pgfmoduleplot.code.tex
File: pgfmoduleplot.code.tex 2021/05/15 v3.1.9a (3.1.9a)
) (C:\Users\josep\AppData\Local\Programs\MiKTeX\tex/latex/pgf/compatibility\pgfcomp-version-0-65.sty
Package: pgfcomp-version-0-65 2021/05/15 v3.1.9a (3.1.9a)
\pgf@nodesepstart=\dimen296
\pgf@nodesepend=\dimen297
) (C:\Users\josep\AppData\Local\Programs\MiKTeX\tex/latex/pgf/compatibility\pgfcomp-version-1-18.sty
Package: pgfcomp-version-1-18 2021/05/15 v3.1.9a (3.1.9a)
)) (C:\Users\josep\AppData\Local\Programs\MiKTeX\tex/latex/pgf/utilities\pgffor.sty (C:\Users\josep\AppData\Local\Programs\MiKTeX\tex/generic/pgf/utilities\pgffor.code.tex
Package: pgffor 2021/05/15 v3.1.9a (3.1.9a)
 (C:\Users\josep\AppData\Local\Programs\MiKTeX\tex/generic/pgf/math\pgfmath.code.tex)
\pgffor@iter=\dimen298
\pgffor@skip=\dimen299
\pgffor@stack=\toks46
\pgffor@toks=\toks47
)) (C:\Users\josep\AppData\Local\Programs\MiKTeX\tex/generic/pgf/frontendlayer/tikz\tikz.code.tex
Package: tikz 2021/05/15 v3.1.9a (3.1.9a)
 (C:\Users\josep\AppData\Local\Programs\MiKTeX\tex/generic/pgf/libraries\pgflibraryplothandlers.code.tex
File: pgflibraryplothandlers.code.tex 2021/05/15 v3.1.9a (3.1.9a)
\pgf@plot@mark@count=\count343
\pgfplotmarksize=\dimen300
)
\tikz@lastx=\dimen301
\tikz@lasty=\dimen302
\tikz@lastxsaved=\dimen303
\tikz@lastysaved=\dimen304
\tikz@lastmovetox=\dimen305
\tikz@lastmovetoy=\dimen306
\tikzleveldistance=\dimen307
\tikzsiblingdistance=\dimen308
\tikz@figbox=\box78
\tikz@figbox@bg=\box79
\tikz@tempbox=\box80
\tikz@tempbox@bg=\box81
\tikztreelevel=\count344
\tikznumberofchildren=\count345
\tikznumberofcurrentchild=\count346
\tikz@fig@count=\count347
 (C:\Users\josep\AppData\Local\Programs\MiKTeX\tex/generic/pgf/modules\pgfmodulematrix.code.tex
File: pgfmodulematrix.code.tex 2021/05/15 v3.1.9a (3.1.9a)
\pgfmatrixcurrentrow=\count348
\pgfmatrixcurrentcolumn=\count349
\pgf@matrix@numberofcolumns=\count350
)
\tikz@expandcount=\count351
 (C:\Users\josep\AppData\Local\Programs\MiKTeX\tex/generic/pgf/frontendlayer/tikz/libraries\tikzlibrarytopaths.code.tex
File: tikzlibrarytopaths.code.tex 2021/05/15 v3.1.9a (3.1.9a)
))) (C:\Users\josep\AppData\Local\Programs\MiKTeX\tex/latex/l3backend\l3backend-pdftex.def
File: l3backend-pdftex.def 2022-02-07 L3 backend support: PDF output (pdfTeX)
\l__color_backend_stack_int=\count352
\l__pdf_internal_box=\box82
) (thesis_defense.aux)
\openout1 = `thesis_defense.aux'.

LaTeX Font Info:    Checking defaults for OML/cmm/m/it on input line 98.
LaTeX Font Info:    ... okay on input line 98.
LaTeX Font Info:    Checking defaults for OMS/cmsy/m/n on input line 98.
LaTeX Font Info:    ... okay on input line 98.
LaTeX Font Info:    Checking defaults for OT1/cmr/m/n on input line 98.
LaTeX Font Info:    ... okay on input line 98.
LaTeX Font Info:    Checking defaults for T1/cmr/m/n on input line 98.
LaTeX Font Info:    ... okay on input line 98.
LaTeX Font Info:    Checking defaults for TS1/cmr/m/n on input line 98.
LaTeX Font Info:    ... okay on input line 98.
LaTeX Font Info:    Checking defaults for OMX/cmex/m/n on input line 98.
LaTeX Font Info:    ... okay on input line 98.
LaTeX Font Info:    Checking defaults for U/cmr/m/n on input line 98.
LaTeX Font Info:    ... okay on input line 98.
LaTeX Font Info:    Checking defaults for PD1/pdf/m/n on input line 98.
LaTeX Font Info:    ... okay on input line 98.
LaTeX Font Info:    Checking defaults for PU/pdf/m/n on input line 98.
LaTeX Font Info:    ... okay on input line 98.

*geometry* driver: auto-detecting
*geometry* detected driver: pdftex
*geometry* verbose mode - [ preamble ] result:
* driver: pdftex
* paper: custom
* layout: <same size as paper>
* layoutoffset:(h,v)=(0.0pt,0.0pt)
* modes: includehead includefoot 
* h-part:(L,W,R)=(28.45274pt, 398.3386pt, 28.45274pt)
* v-part:(T,H,B)=(0.0pt, 256.0748pt, 0.0pt)
* \paperwidth=455.24408pt
* \paperheight=256.0748pt
* \textwidth=398.3386pt
* \textheight=227.62207pt
* \oddsidemargin=-43.81725pt
* \evensidemargin=-43.81725pt
* \topmargin=-72.26999pt
* \headheight=14.22636pt
* \headsep=0.0pt
* \topskip=11.0pt
* \footskip=14.22636pt
* \marginparwidth=4.0pt
* \marginparsep=10.0pt
* \columnsep=10.0pt
* \skip\footins=10.0pt plus 4.0pt minus 2.0pt
* \hoffset=0.0pt
* \voffset=0.0pt
* \mag=1000
* \@twocolumnfalse
* \@twosidefalse
* \@mparswitchfalse
* \@reversemarginfalse
* (1in=72.27pt=25.4mm, 1cm=28.453pt)

(C:\Users\josep\AppData\Local\Programs\MiKTeX\tex/context/base/mkii\supp-pdf.mkii
[Loading MPS to PDF converter (version 2006.09.02).]
\scratchcounter=\count353
\scratchdimen=\dimen309
\scratchbox=\box83
\nofMPsegments=\count354
\nofMParguments=\count355
\everyMPshowfont=\toks48
\MPscratchCnt=\count356
\MPscratchDim=\dimen310
\MPnumerator=\count357
\makeMPintoPDFobject=\count358
\everyMPtoPDFconversion=\toks49
) (C:\Users\josep\AppData\Local\Programs\MiKTeX\tex/latex/epstopdf-pkg\epstopdf-base.sty
Package: epstopdf-base 2020-01-24 v2.11 Base part for package epstopdf
Package epstopdf-base Info: Redefining graphics rule for `.eps' on input line 485.
 (C:\Users\josep\AppData\Local\Programs\MiKTeX\tex/latex/00miktex\epstopdf-sys.cfg
File: epstopdf-sys.cfg 2021/03/18 v2.0 Configuration of epstopdf for MiKTeX
))
Package hyperref Info: Link coloring OFF on input line 98.
 (C:\Users\josep\AppData\Local\Programs\MiKTeX\tex/latex/hyperref\nameref.sty
Package: nameref 2021-04-02 v2.47 Cross-referencing by name of section
 (C:\Users\josep\AppData\Local\Programs\MiKTeX\tex/latex/refcount\refcount.sty
Package: refcount 2019/12/15 v3.6 Data extraction from label references (HO)
) (C:\Users\josep\AppData\Local\Programs\MiKTeX\tex/generic/gettitlestring\gettitlestring.sty
Package: gettitlestring 2019/12/15 v1.6 Cleanup title references (HO)
)
\c@section@level=\count359
)
LaTeX Info: Redefining \ref on input line 98.
LaTeX Info: Redefining \pageref on input line 98.
LaTeX Info: Redefining \nameref on input line 98.
 (thesis_defense.out) (thesis_defense.out)
\@outlinefile=\write6
\openout6 = `thesis_defense.out'.

LaTeX Font Info:    Overwriting symbol font `operators' in version `normal'
(Font)                  OT1/cmr/m/n --> OT1/cmss/m/n on input line 98.
LaTeX Font Info:    Overwriting symbol font `operators' in version `bold'
(Font)                  OT1/cmr/bx/n --> OT1/cmss/b/n on input line 98.
\symnumbers=\mathgroup11
LaTeX Font Info:    Redeclaring symbol font `pureletters' on input line 98.
LaTeX Font Info:    Overwriting symbol font `pureletters' in version `normal'
(Font)                  OT1/mathkerncmss/m/sl --> OT1/cmss/m/it on input line 98.
LaTeX Font Info:    Overwriting symbol font `pureletters' in version `bold'
(Font)                  OT1/mathkerncmss/bx/sl --> OT1/cmss/m/it on input line 98.
LaTeX Font Info:    Overwriting math alphabet `\mathrm' in version `normal'
(Font)                  OT1/cmss/m/n --> OT1/cmr/m/n on input line 98.
LaTeX Font Info:    Redeclaring math alphabet \mathbf on input line 98.
LaTeX Font Info:    Redeclaring math alphabet \mathsf on input line 98.
LaTeX Font Info:    Overwriting math alphabet `\mathsf' in version `normal'
(Font)                  OT1/cmss/m/n --> OT1/cmss/m/n on input line 98.
LaTeX Font Info:    Overwriting math alphabet `\mathsf' in version `bold'
(Font)                  OT1/cmss/bx/n --> OT1/cmss/m/n on input line 98.
LaTeX Font Info:    Redeclaring math alphabet \mathit on input line 98.
LaTeX Font Info:    Overwriting math alphabet `\mathit' in version `normal'
(Font)                  OT1/cmr/m/it --> OT1/cmss/m/it on input line 98.
LaTeX Font Info:    Overwriting math alphabet `\mathit' in version `bold'
(Font)                  OT1/cmr/bx/it --> OT1/cmss/m/it on input line 98.
LaTeX Font Info:    Redeclaring math alphabet \mathtt on input line 98.
LaTeX Font Info:    Overwriting math alphabet `\mathtt' in version `normal'
(Font)                  OT1/cmtt/m/n --> OT1/cmtt/m/n on input line 98.
LaTeX Font Info:    Overwriting math alphabet `\mathtt' in version `bold'
(Font)                  OT1/cmtt/m/n --> OT1/cmtt/m/n on input line 98.
LaTeX Font Info:    Overwriting symbol font `numbers' in version `bold'
(Font)                  OT1/cmss/m/n --> OT1/cmss/b/n on input line 98.
LaTeX Font Info:    Overwriting symbol font `pureletters' in version `bold'
(Font)                  OT1/cmss/m/it --> OT1/cmss/b/it on input line 98.
LaTeX Font Info:    Overwriting math alphabet `\mathrm' in version `bold'
(Font)                  OT1/cmss/b/n --> OT1/cmr/b/n on input line 98.
LaTeX Font Info:    Overwriting math alphabet `\mathbf' in version `bold'
(Font)                  OT1/cmss/b/n --> OT1/cmss/b/n on input line 98.
LaTeX Font Info:    Overwriting math alphabet `\mathsf' in version `bold'
(Font)                  OT1/cmss/m/n --> OT1/cmss/b/n on input line 98.
LaTeX Font Info:    Overwriting math alphabet `\mathit' in version `bold'
(Font)                  OT1/cmss/m/it --> OT1/cmss/b/it on input line 98.
LaTeX Font Info:    Overwriting math alphabet `\mathtt' in version `bold'
(Font)                  OT1/cmtt/m/n --> OT1/cmtt/b/n on input line 98.
LaTeX Font Info:    Redeclaring symbol font `pureletters' on input line 98.
LaTeX Font Info:    Overwriting symbol font `pureletters' in version `normal'
(Font)                  OT1/cmss/m/it --> OT1/mathkerncmss/m/sl on input line 98.
LaTeX Font Info:    Overwriting symbol font `pureletters' in version `bold'
(Font)                  OT1/cmss/b/it --> OT1/mathkerncmss/m/sl on input line 98.
LaTeX Font Info:    Overwriting symbol font `pureletters' in version `bold'
(Font)                  OT1/mathkerncmss/m/sl --> OT1/mathkerncmss/bx/sl on input line 98.
 (C:\Users\josep\AppData\Local\Programs\MiKTeX\tex/latex/translator\translator-basic-dictionary-English.dict
Dictionary: translator-basic-dictionary, Language: English 
) (C:\Users\josep\AppData\Local\Programs\MiKTeX\tex/latex/translator\translator-bibliography-dictionary-English.dict
Dictionary: translator-bibliography-dictionary, Language: English 
) (C:\Users\josep\AppData\Local\Programs\MiKTeX\tex/latex/translator\translator-environment-dictionary-English.dict
Dictionary: translator-environment-dictionary, Language: English 
) (C:\Users\josep\AppData\Local\Programs\MiKTeX\tex/latex/translator\translator-months-dictionary-English.dict
Dictionary: translator-months-dictionary, Language: English 
) (C:\Users\josep\AppData\Local\Programs\MiKTeX\tex/latex/translator\translator-numbers-dictionary-English.dict
Dictionary: translator-numbers-dictionary, Language: English 
) (C:\Users\josep\AppData\Local\Programs\MiKTeX\tex/latex/translator\translator-theorem-dictionary-English.dict
Dictionary: translator-theorem-dictionary, Language: English 
)
\c@lstlisting=\count360
 (thesis_defense.nav) [1
Non-PDF special ignored!
<special> header=psfrag.pro

{C:/Users/josep/AppData/Local/MiKTeX/fonts/map/pdftex/pdftex.map}] [2

]
LaTeX Font Info:    Trying to load font information for U+msa on input line 136.
 (C:\Users\josep\AppData\Local\Programs\MiKTeX\tex/latex/amsfonts\umsa.fd
File: umsa.fd 2013/01/14 v3.01 AMS symbols A
)
LaTeX Font Info:    Trying to load font information for U+msb on input line 136.
 (C:\Users\josep\AppData\Local\Programs\MiKTeX\tex/latex/amsfonts\umsb.fd
File: umsb.fd 2013/01/14 v3.01 AMS symbols B
)
LaTeX Font Info:    Trying to load font information for OT1+mathkerncmss on input line 136.
 (C:\Users\josep\AppData\Local\Programs\MiKTeX\tex/latex/sansmathaccent\ot1mathkerncmss.fd
File: ot1mathkerncmss.fd 2020/01/31 Fontinst v1.933 font definitions for OT1/mathkerncmss.
) [3

] [4

] [5

]
LaTeX Font Info:    Font shape `OT1/cmss/b/n' in size <10.95> not available
(Font)              Font shape `OT1/cmss/bx/n' tried instead on input line 197.
LaTeX Font Info:    Font shape `OT1/cmss/b/n' in size <8> not available
(Font)              Font shape `OT1/cmss/bx/n' tried instead on input line 197.
LaTeX Font Info:    Font shape `OT1/cmss/b/n' in size <6> not available
(Font)              Font shape `OT1/cmss/bx/n' tried instead on input line 197.
 [6

] [7

] [8

]
Overfull \vbox (5.26659pt too high) detected at line 269
 []

[9

] [10

] [11

] [12

]
<../Figures/Encoder.png, id=354, 577.40718pt x 334.24875pt>
File: ../Figures/Encoder.png Graphic file (type png)
<use ../Figures/Encoder.png>
Package pdftex.def Info: ../Figures/Encoder.png  used on input line 332.
(pdftex.def)             Requested size: 199.1693pt x 115.29553pt.
<../Figures/Decoder.png, id=356, 577.40718pt x 334.24875pt>
File: ../Figures/Decoder.png Graphic file (type png)
<use ../Figures/Decoder.png>
Package pdftex.def Info: ../Figures/Decoder.png  used on input line 332.
(pdftex.def)             Requested size: 199.1693pt x 115.29553pt.
 [13

 <../Figures/Encoder.png> <../Figures/Decoder.png>]
<../Figures/entropy_densities_example.png, id=386, 722.7pt x 361.35pt>
File: ../Figures/entropy_densities_example.png Graphic file (type png)
<use ../Figures/entropy_densities_example.png>
Package pdftex.def Info: ../Figures/entropy_densities_example.png  used on input line 340.
(pdftex.def)             Requested size: 398.3386pt x 199.16766pt.
 [14

 <../Figures/entropy_densities_example.png>]
<../Figures/divergence_example.png, id=414, 722.7pt x 361.35pt>
File: ../Figures/divergence_example.png Graphic file (type png)
<use ../Figures/divergence_example.png>
Package pdftex.def Info: ../Figures/divergence_example.png  used on input line 348.
(pdftex.def)             Requested size: 398.3386pt x 199.16766pt.
 [15

 <../Figures/divergence_example.png>]
<../Figures/kde_example.png, id=442, 722.7pt x 361.35pt>
File: ../Figures/kde_example.png Graphic file (type png)
<use ../Figures/kde_example.png>
Package pdftex.def Info: ../Figures/kde_example.png  used on input line 356.
(pdftex.def)             Requested size: 398.3386pt x 199.16766pt.
 [16

 <../Figures/kde_example.png>]
<Z:/ML_models/DLDMD-newest/examples/van_der_pol/trained_models/van_der_pol_07_2022-07-17-1837/div_plot_linear_enc_1.png, id=470, 722.7pt x 361.35pt>
File: Z:/ML_models/DLDMD-newest/examples/van_der_pol/trained_models/van_der_pol_07_2022-07-17-1837/div_plot_linear_enc_1.png Graphic file (type png)
<use Z:/ML_models/DLDMD-newest/examples/van_der_pol/trained_models/van_der_pol_07_2022-07-17-1837/div_plot_linear_enc_1.png>
Package pdftex.def Info: Z:/ML_models/DLDMD-newest/examples/van_der_pol/trained_models/van_der_pol_07_2022-07-17-1837/div_plot_linear_enc_1.png  used on input line 364.
(pdftex.def)             Requested size: 398.3386pt x 199.16766pt.
 [17

 <Z:/ML_models/DLDMD-newest/examples/van_der_pol/trained_models/van_der_pol_07_2022-07-17-1837/div_plot_linear_enc_1.png>]
<../Figures/duffing_phase_space.png, id=498, 722.7pt x 361.35pt>
File: ../Figures/duffing_phase_space.png Graphic file (type png)
<use ../Figures/duffing_phase_space.png>
Package pdftex.def Info: ../Figures/duffing_phase_space.png  used on input line 377.
(pdftex.def)             Requested size: 398.3386pt x 199.16766pt.
 [18

 <../Figures/duffing_phase_space.png>]
<Z:/ML_models/DLDMD-newest/examples/duffing/loss_plots_square.png, id=526, 722.7pt x 722.7pt>
File: Z:/ML_models/DLDMD-newest/examples/duffing/loss_plots_square.png Graphic file (type png)
<use Z:/ML_models/DLDMD-newest/examples/duffing/loss_plots_square.png>
Package pdftex.def Info: Z:/ML_models/DLDMD-newest/examples/duffing/loss_plots_square.png  used on input line 390.
(pdftex.def)             Requested size: 199.1693pt x 199.16766pt.
<Z:/ML_models/DLDMD-newest/examples/duffing/experiment_trajectories.png, id=527, 2168.1pt x 2168.1pt>
File: Z:/ML_models/DLDMD-newest/examples/duffing/experiment_trajectories.png Graphic file (type png)
<use Z:/ML_models/DLDMD-newest/examples/duffing/experiment_trajectories.png>
Package pdftex.def Info: Z:/ML_models/DLDMD-newest/examples/duffing/experiment_trajectories.png  used on input line 390.
(pdftex.def)             Requested size: 199.1693pt x 199.15665pt.
 [19

 <Z:/ML_models/DLDMD-newest/examples/duffing/loss_plots_square.png> <Z:/ML_models/DLDMD-newest/examples/duffing/experiment_trajectories.png>]
<Z:/ML_models/DLDMD-newest/examples/duffing/slope_linear_fit_enc_in_square.png, id=557, 722.7pt x 271.0125pt>
File: Z:/ML_models/DLDMD-newest/examples/duffing/slope_linear_fit_enc_in_square.png Graphic file (type png)
<use Z:/ML_models/DLDMD-newest/examples/duffing/slope_linear_fit_enc_in_square.png>
Package pdftex.def Info: Z:/ML_models/DLDMD-newest/examples/duffing/slope_linear_fit_enc_in_square.png  used on input line 413.
(pdftex.def)             Requested size: 132.76534pt x 49.78502pt.
<Z:/ML_models/DLDMD-newest/examples/duffing/slope_linear_fit_enc_2_square.png, id=558, 722.7pt x 271.0125pt>
File: Z:/ML_models/DLDMD-newest/examples/duffing/slope_linear_fit_enc_2_square.png Graphic file (type png)
<use Z:/ML_models/DLDMD-newest/examples/duffing/slope_linear_fit_enc_2_square.png>
Package pdftex.def Info: Z:/ML_models/DLDMD-newest/examples/duffing/slope_linear_fit_enc_2_square.png  used on input line 413.
(pdftex.def)             Requested size: 132.76534pt x 49.78502pt.
<Z:/ML_models/DLDMD-newest/examples/duffing/slope_linear_fit_dec_0_square.png, id=559, 722.7pt x 271.0125pt>
File: Z:/ML_models/DLDMD-newest/examples/duffing/slope_linear_fit_dec_0_square.png Graphic file (type png)
<use Z:/ML_models/DLDMD-newest/examples/duffing/slope_linear_fit_dec_0_square.png>
Package pdftex.def Info: Z:/ML_models/DLDMD-newest/examples/duffing/slope_linear_fit_dec_0_square.png  used on input line 413.
(pdftex.def)             Requested size: 132.76534pt x 49.78502pt.
<Z:/ML_models/DLDMD-newest/examples/duffing/slope_linear_fit_enc_0_square.png, id=560, 722.7pt x 271.0125pt>
File: Z:/ML_models/DLDMD-newest/examples/duffing/slope_linear_fit_enc_0_square.png Graphic file (type png)
<use Z:/ML_models/DLDMD-newest/examples/duffing/slope_linear_fit_enc_0_square.png>
Package pdftex.def Info: Z:/ML_models/DLDMD-newest/examples/duffing/slope_linear_fit_enc_0_square.png  used on input line 413.
(pdftex.def)             Requested size: 132.76534pt x 49.78502pt.
<Z:/ML_models/DLDMD-newest/examples/duffing/slope_linear_fit_enc_out_square.png, id=561, 722.7pt x 271.0125pt>
File: Z:/ML_models/DLDMD-newest/examples/duffing/slope_linear_fit_enc_out_square.png Graphic file (type png)
<use Z:/ML_models/DLDMD-newest/examples/duffing/slope_linear_fit_enc_out_square.png>
Package pdftex.def Info: Z:/ML_models/DLDMD-newest/examples/duffing/slope_linear_fit_enc_out_square.png  used on input line 413.
(pdftex.def)             Requested size: 132.76534pt x 49.78502pt.
<Z:/ML_models/DLDMD-newest/examples/duffing/slope_linear_fit_dec_1_square.png, id=562, 722.7pt x 271.0125pt>
File: Z:/ML_models/DLDMD-newest/examples/duffing/slope_linear_fit_dec_1_square.png Graphic file (type png)
<use Z:/ML_models/DLDMD-newest/examples/duffing/slope_linear_fit_dec_1_square.png>
Package pdftex.def Info: Z:/ML_models/DLDMD-newest/examples/duffing/slope_linear_fit_dec_1_square.png  used on input line 413.
(pdftex.def)             Requested size: 132.76534pt x 49.78502pt.
<Z:/ML_models/DLDMD-newest/examples/duffing/slope_linear_fit_enc_1_square.png, id=563, 722.7pt x 271.0125pt>
File: Z:/ML_models/DLDMD-newest/examples/duffing/slope_linear_fit_enc_1_square.png Graphic file (type png)
<use Z:/ML_models/DLDMD-newest/examples/duffing/slope_linear_fit_enc_1_square.png>
Package pdftex.def Info: Z:/ML_models/DLDMD-newest/examples/duffing/slope_linear_fit_enc_1_square.png  used on input line 413.
(pdftex.def)             Requested size: 132.76534pt x 49.78502pt.
<Z:/ML_models/DLDMD-newest/examples/duffing/slope_linear_fit_dec_in_square.png, id=564, 722.7pt x 271.0125pt>
File: Z:/ML_models/DLDMD-newest/examples/duffing/slope_linear_fit_dec_in_square.png Graphic file (type png)
<use Z:/ML_models/DLDMD-newest/examples/duffing/slope_linear_fit_dec_in_square.png>
Package pdftex.def Info: Z:/ML_models/DLDMD-newest/examples/duffing/slope_linear_fit_dec_in_square.png  used on input line 413.
(pdftex.def)             Requested size: 132.76534pt x 49.78502pt.
<Z:/ML_models/DLDMD-newest/examples/duffing/slope_linear_fit_dec_2_square.png, id=565, 722.7pt x 271.0125pt>
File: Z:/ML_models/DLDMD-newest/examples/duffing/slope_linear_fit_dec_2_square.png Graphic file (type png)
<use Z:/ML_models/DLDMD-newest/examples/duffing/slope_linear_fit_dec_2_square.png>
Package pdftex.def Info: Z:/ML_models/DLDMD-newest/examples/duffing/slope_linear_fit_dec_2_square.png  used on input line 413.
(pdftex.def)             Requested size: 132.76534pt x 49.78502pt.
<Z:/ML_models/DLDMD-newest/examples/duffing/slope_linear_fit_dec_out_square.png, id=566, 722.7pt x 271.0125pt>
File: Z:/ML_models/DLDMD-newest/examples/duffing/slope_linear_fit_dec_out_square.png Graphic file (type png)
<use Z:/ML_models/DLDMD-newest/examples/duffing/slope_linear_fit_dec_out_square.png>
Package pdftex.def Info: Z:/ML_models/DLDMD-newest/examples/duffing/slope_linear_fit_dec_out_square.png  used on input line 413.
(pdftex.def)             Requested size: 132.76534pt x 49.78502pt.
 [20

 <Z:/ML_models/DLDMD-newest/examples/duffing/slope_linear_fit_enc_in_square.png> <Z:/ML_models/DLDMD-newest/examples/duffing/slope_linear_fit_enc_2_square.png> <Z:/ML_models/DLDMD-newest/examples/duffing/slope_linear_fit_dec_0_square.png> <Z:/ML_models/DLDMD-newest/examples/duffing/slope_linear_fit_enc_0_square.png> <Z:/ML_models/DLDMD-newest/examples/duffing/slope_linear_fit_enc_out_square.png> <Z:/ML_models/DLDMD-newest/examples/duffing/slope_linear_fit_dec_1_square.png> <Z:/ML_models/DLDMD-newest/examples/duffing/slope_linear_fit_enc_1_square.png> <Z:/ML_models/DLDMD-newest/examples/duffing/slope_linear_fit_dec_in_square.png> <Z:/ML_models/DLDMD-newest/examples/duffing/slope_linear_fit_dec_2_square.png> <Z:/ML_models/DLDMD-newest/examples/duffing/slope_linear_fit_dec_out_square.png>]
<Z:/ML_models/DLDMD-newest/examples/duffing/slope_linear_fit.png, id=603, 722.7pt x 361.35pt>
File: Z:/ML_models/DLDMD-newest/examples/duffing/slope_linear_fit.png Graphic file (type png)
<use Z:/ML_models/DLDMD-newest/examples/duffing/slope_linear_fit.png>
Package pdftex.def Info: Z:/ML_models/DLDMD-newest/examples/duffing/slope_linear_fit.png  used on input line 421.
(pdftex.def)             Requested size: 398.3386pt x 199.16766pt.
 [21

 <Z:/ML_models/DLDMD-newest/examples/duffing/slope_linear_fit.png>] [22

]
<../Figures/van_der_pol_phase_space.png, id=657, 722.7pt x 361.35pt>
File: ../Figures/van_der_pol_phase_space.png Graphic file (type png)
<use ../Figures/van_der_pol_phase_space.png>
Package pdftex.def Info: ../Figures/van_der_pol_phase_space.png  used on input line 434.
(pdftex.def)             Requested size: 398.3386pt x 199.16766pt.
 [23

 <../Figures/van_der_pol_phase_space.png>]
<Z:/ML_models/DLDMD-newest/examples/van_der_pol/loss_plots_square.png, id=685, 722.7pt x 722.7pt>
File: Z:/ML_models/DLDMD-newest/examples/van_der_pol/loss_plots_square.png Graphic file (type png)
<use Z:/ML_models/DLDMD-newest/examples/van_der_pol/loss_plots_square.png>
Package pdftex.def Info: Z:/ML_models/DLDMD-newest/examples/van_der_pol/loss_plots_square.png  used on input line 447.
(pdftex.def)             Requested size: 199.1693pt x 199.16766pt.
<Z:/ML_models/DLDMD-newest/examples/van_der_pol/experiment_trajectories.png, id=686, 2168.1pt x 2168.1pt>
File: Z:/ML_models/DLDMD-newest/examples/van_der_pol/experiment_trajectories.png Graphic file (type png)
<use Z:/ML_models/DLDMD-newest/examples/van_der_pol/experiment_trajectories.png>
Package pdftex.def Info: Z:/ML_models/DLDMD-newest/examples/van_der_pol/experiment_trajectories.png  used on input line 447.
(pdftex.def)             Requested size: 199.1693pt x 199.15665pt.
 [24

 <Z:/ML_models/DLDMD-newest/examples/van_der_pol/loss_plots_square.png> <Z:/ML_models/DLDMD-newest/examples/van_der_pol/experiment_trajectories.png>]
<Z:/ML_models/DLDMD-newest/examples/van_der_pol/slope_linear_fit_enc_in_square.png, id=715, 722.7pt x 271.0125pt>
File: Z:/ML_models/DLDMD-newest/examples/van_der_pol/slope_linear_fit_enc_in_square.png Graphic file (type png)
<use Z:/ML_models/DLDMD-newest/examples/van_der_pol/slope_linear_fit_enc_in_square.png>
Package pdftex.def Info: Z:/ML_models/DLDMD-newest/examples/van_der_pol/slope_linear_fit_enc_in_square.png  used on input line 470.
(pdftex.def)             Requested size: 132.76534pt x 49.78502pt.
<Z:/ML_models/DLDMD-newest/examples/van_der_pol/slope_linear_fit_enc_2_square.png, id=716, 722.7pt x 271.0125pt>
File: Z:/ML_models/DLDMD-newest/examples/van_der_pol/slope_linear_fit_enc_2_square.png Graphic file (type png)
<use Z:/ML_models/DLDMD-newest/examples/van_der_pol/slope_linear_fit_enc_2_square.png>
Package pdftex.def Info: Z:/ML_models/DLDMD-newest/examples/van_der_pol/slope_linear_fit_enc_2_square.png  used on input line 470.
(pdftex.def)             Requested size: 132.76534pt x 49.78502pt.
<Z:/ML_models/DLDMD-newest/examples/van_der_pol/slope_linear_fit_dec_0_square.png, id=717, 722.7pt x 271.0125pt>
File: Z:/ML_models/DLDMD-newest/examples/van_der_pol/slope_linear_fit_dec_0_square.png Graphic file (type png)
<use Z:/ML_models/DLDMD-newest/examples/van_der_pol/slope_linear_fit_dec_0_square.png>
Package pdftex.def Info: Z:/ML_models/DLDMD-newest/examples/van_der_pol/slope_linear_fit_dec_0_square.png  used on input line 470.
(pdftex.def)             Requested size: 132.76534pt x 49.78502pt.
<Z:/ML_models/DLDMD-newest/examples/van_der_pol/slope_linear_fit_enc_0_square.png, id=718, 722.7pt x 271.0125pt>
File: Z:/ML_models/DLDMD-newest/examples/van_der_pol/slope_linear_fit_enc_0_square.png Graphic file (type png)
<use Z:/ML_models/DLDMD-newest/examples/van_der_pol/slope_linear_fit_enc_0_square.png>
Package pdftex.def Info: Z:/ML_models/DLDMD-newest/examples/van_der_pol/slope_linear_fit_enc_0_square.png  used on input line 470.
(pdftex.def)             Requested size: 132.76534pt x 49.78502pt.
<Z:/ML_models/DLDMD-newest/examples/van_der_pol/slope_linear_fit_enc_out_square.png, id=719, 722.7pt x 271.0125pt>
File: Z:/ML_models/DLDMD-newest/examples/van_der_pol/slope_linear_fit_enc_out_square.png Graphic file (type png)
<use Z:/ML_models/DLDMD-newest/examples/van_der_pol/slope_linear_fit_enc_out_square.png>
Package pdftex.def Info: Z:/ML_models/DLDMD-newest/examples/van_der_pol/slope_linear_fit_enc_out_square.png  used on input line 470.
(pdftex.def)             Requested size: 132.76534pt x 49.78502pt.
<Z:/ML_models/DLDMD-newest/examples/van_der_pol/slope_linear_fit_dec_1_square.png, id=720, 722.7pt x 271.0125pt>
File: Z:/ML_models/DLDMD-newest/examples/van_der_pol/slope_linear_fit_dec_1_square.png Graphic file (type png)
<use Z:/ML_models/DLDMD-newest/examples/van_der_pol/slope_linear_fit_dec_1_square.png>
Package pdftex.def Info: Z:/ML_models/DLDMD-newest/examples/van_der_pol/slope_linear_fit_dec_1_square.png  used on input line 470.
(pdftex.def)             Requested size: 132.76534pt x 49.78502pt.
<Z:/ML_models/DLDMD-newest/examples/van_der_pol/slope_linear_fit_enc_1_square.png, id=721, 722.7pt x 271.0125pt>
File: Z:/ML_models/DLDMD-newest/examples/van_der_pol/slope_linear_fit_enc_1_square.png Graphic file (type png)
<use Z:/ML_models/DLDMD-newest/examples/van_der_pol/slope_linear_fit_enc_1_square.png>
Package pdftex.def Info: Z:/ML_models/DLDMD-newest/examples/van_der_pol/slope_linear_fit_enc_1_square.png  used on input line 470.
(pdftex.def)             Requested size: 132.76534pt x 49.78502pt.
<Z:/ML_models/DLDMD-newest/examples/van_der_pol/slope_linear_fit_dec_in_square.png, id=722, 722.7pt x 271.0125pt>
File: Z:/ML_models/DLDMD-newest/examples/van_der_pol/slope_linear_fit_dec_in_square.png Graphic file (type png)
<use Z:/ML_models/DLDMD-newest/examples/van_der_pol/slope_linear_fit_dec_in_square.png>
Package pdftex.def Info: Z:/ML_models/DLDMD-newest/examples/van_der_pol/slope_linear_fit_dec_in_square.png  used on input line 470.
(pdftex.def)             Requested size: 132.76534pt x 49.78502pt.
<Z:/ML_models/DLDMD-newest/examples/van_der_pol/slope_linear_fit_dec_2_square.png, id=723, 722.7pt x 271.0125pt>
File: Z:/ML_models/DLDMD-newest/examples/van_der_pol/slope_linear_fit_dec_2_square.png Graphic file (type png)
<use Z:/ML_models/DLDMD-newest/examples/van_der_pol/slope_linear_fit_dec_2_square.png>
Package pdftex.def Info: Z:/ML_models/DLDMD-newest/examples/van_der_pol/slope_linear_fit_dec_2_square.png  used on input line 470.
(pdftex.def)             Requested size: 132.76534pt x 49.78502pt.
<Z:/ML_models/DLDMD-newest/examples/van_der_pol/slope_linear_fit_dec_out_square.png, id=724, 722.7pt x 271.0125pt>
File: Z:/ML_models/DLDMD-newest/examples/van_der_pol/slope_linear_fit_dec_out_square.png Graphic file (type png)
<use Z:/ML_models/DLDMD-newest/examples/van_der_pol/slope_linear_fit_dec_out_square.png>
Package pdftex.def Info: Z:/ML_models/DLDMD-newest/examples/van_der_pol/slope_linear_fit_dec_out_square.png  used on input line 470.
(pdftex.def)             Requested size: 132.76534pt x 49.78502pt.
 [25

 <Z:/ML_models/DLDMD-newest/examples/van_der_pol/slope_linear_fit_enc_in_square.png> <Z:/ML_models/DLDMD-newest/examples/van_der_pol/slope_linear_fit_enc_2_square.png> <Z:/ML_models/DLDMD-newest/examples/van_der_pol/slope_linear_fit_dec_0_square.png> <Z:/ML_models/DLDMD-newest/examples/van_der_pol/slope_linear_fit_enc_0_square.png> <Z:/ML_models/DLDMD-newest/examples/van_der_pol/slope_linear_fit_enc_out_square.png> <Z:/ML_models/DLDMD-newest/examples/van_der_pol/slope_linear_fit_dec_1_square.png> <Z:/ML_models/DLDMD-newest/examples/van_der_pol/slope_linear_fit_enc_1_square.png> <Z:/ML_models/DLDMD-newest/examples/van_der_pol/slope_linear_fit_dec_in_square.png> <Z:/ML_models/DLDMD-newest/examples/van_der_pol/slope_linear_fit_dec_2_square.png> <Z:/ML_models/DLDMD-newest/examples/van_der_pol/slope_linear_fit_dec_out_square.png>]
<Z:/ML_models/DLDMD-newest/examples/van_der_pol/slope_linear_fit.png, id=762, 722.7pt x 361.35pt>
File: Z:/ML_models/DLDMD-newest/examples/van_der_pol/slope_linear_fit.png Graphic file (type png)
<use Z:/ML_models/DLDMD-newest/examples/van_der_pol/slope_linear_fit.png>
Package pdftex.def Info: Z:/ML_models/DLDMD-newest/examples/van_der_pol/slope_linear_fit.png  used on input line 479.
(pdftex.def)             Requested size: 398.3386pt x 199.16766pt.
 [26

 <Z:/ML_models/DLDMD-newest/examples/van_der_pol/slope_linear_fit.png>] [27

] [28

] (thesis_defense.bbl) [29

 <C:/Users/josep/AppData/Local/Programs/MiKTeX/tex/latex/beamer/beamericonarticle.pdf>] [30

]
\tf@nav=\write7
\openout7 = `thesis_defense.nav'.

\tf@toc=\write8
\openout8 = `thesis_defense.toc'.

\tf@snm=\write9
\openout9 = `thesis_defense.snm'.

 (thesis_defense.aux)
Package rerunfilecheck Info: File `thesis_defense.out' has not changed.
(rerunfilecheck)             Checksum: D41D8CD98F00B204E9800998ECF8427E;0.
 ) 
Here is how much of TeX's memory you used:
 26727 strings out of 478582
 548243 string characters out of 2844345
 770546 words of memory out of 3000000
 44275 multiletter control sequences out of 15000+600000
 492327 words of font info for 97 fonts, out of 8000000 for 9000
 1141 hyphenation exceptions out of 8191
 128i,15n,122p,555b,560s stack positions out of 10000i,1000n,20000p,200000b,80000s
{C:/Users/josep/AppData/Local/Programs/MiKTeX/fonts/enc/dvips/cm-super/cm-super-t1.enc}<C:/Users/josep/AppData/Local/Programs/MiKTeX/fonts/type1/public/amsfonts/cm/cmbx10.pfb><C:/Users/josep/AppData/Local/Programs/MiKTeX/fonts/type1/public/amsfonts/cm/cmex10.pfb><C:/Users/josep/AppData/Local/Programs/MiKTeX/fonts/type1/public/amsfonts/cm/cmmi10.pfb><C:/Users/josep/AppData/Local/Programs/MiKTeX/fonts/type1/public/amsfonts/cm/cmmi8.pfb><C:/Users/josep/AppData/Local/Programs/MiKTeX/fonts/type1/public/amsfonts/cm/cmmib10.pfb><C:/Users/josep/AppData/Local/Programs/MiKTeX/fonts/type1/public/amsfonts/cm/cmss10.pfb><C:/Users/josep/AppData/Local/Programs/MiKTeX/fonts/type1/public/amsfonts/cm/cmss12.pfb><C:/Users/josep/AppData/Local/Programs/MiKTeX/fonts/type1/public/amsfonts/cm/cmss17.pfb><C:/Users/josep/AppData/Local/Programs/MiKTeX/fonts/type1/public/amsfonts/cm/cmss8.pfb><C:/Users/josep/AppData/Local/Programs/MiKTeX/fonts/type1/public/amsfonts/cm/cmssbx10.pfb><C:/Users/josep/AppData/Local/Programs/MiKTeX/fonts/type1/public/amsfonts/cm/cmssi10.pfb><C:/Users/josep/AppData/Local/Programs/MiKTeX/fonts/type1/public/amsfonts/cm/cmssi8.pfb><C:/Users/josep/AppData/Local/Programs/MiKTeX/fonts/type1/public/amsfonts/cm/cmsy10.pfb><C:/Users/josep/AppData/Local/Programs/MiKTeX/fonts/type1/public/amsfonts/cm/cmsy8.pfb><C:/Users/josep/AppData/Local/Programs/MiKTeX/fonts/type1/public/amsfonts/symbols/msbm10.pfb><C:/Users/josep/AppData/Local/Programs/MiKTeX/fonts/type1/public/cm-super/sfso1000.pfb>
Output written on thesis_defense.pdf (30 pages, 10434345 bytes).
PDF statistics:
 986 PDF objects out of 1000 (max. 8388607)
 67 named destinations out of 1000 (max. 500000)
 213 words of extra memory for PDF output out of 10000 (max. 10000000)

